#
# A fatal error has been detected by the Java Runtime Environment:
#
#  EXCEPTION_ACCESS_VIOLATION (0xc0000005) at pc=0x0000000059bdab60, pid=11824, tid=7916
#
# JRE version: 7.0_25-b17
# Java VM: Java HotSpot(TM) 64-Bit Server VM (23.25-b01 mixed mode windows-amd64 compressed oops)
# Problematic frame:
# V  [jvm.dll+0x1bab60]
#
# Failed to write core dump. Minidumps are not enabled by default on client versions of Windows
#
# If you would like to submit a bug report, please visit:
#   http://bugreport.sun.com/bugreport/crash.jsp
#

---------------  T H R E A D  ---------------

Current thread (0x000000001426c000):  JavaThread "AWT-EventQueue-0" [_thread_in_vm, id=7916, stack(0x0000000019610000,0x0000000019710000)]

siginfo: ExceptionCode=0xc0000005, reading address 0x0000000218d00010

Registers:
RAX=0x0000000218d00000, RBX=0x000000001426c000, RCX=0x0000000000000003, RDX=0x00000007ae8fdf98
RSP=0x000000001970ca40, RBP=0x00000007ae21d5a8, RSI=0x0000000000000006, RDI=0x0000000000000000
R8 =0x00000007ae21d5a8, R9 =0x0000000000000000, R10=0x0000000059bdab10, R11=0x0000000000000000
R12=0x0000000000000000, R13=0x00000007ae21d590, R14=0x000000001970ca78, R15=0x000000001426c000
RIP=0x0000000059bdab60, EFLAGS=0x0000000000010206

Top of Stack: (sp=0x000000001970ca40)
0x000000001970ca40:   00000000144d0f30 0000000700d33c70
0x000000001970ca50:   0000000700d39c00 00000007ae909310
0x000000001970ca60:   0000000700000001 0000000701001568
0x000000001970ca70:   00000007ae21c730 0000000700c184e0
0x000000001970ca80:   0000000000000000 0000000002582095
0x000000001970ca90:   0000000000000002 0000000002647ae8
0x000000001970caa0:   0000000700000022 0000000700000025
0x000000001970cab0:   0000000000000006 000000001426c000
0x000000001970cac0:   00000007ae21d5a8 00000000026139b8
0x000000001970cad0:   0000000000000000 00000007ae9092f8
0x000000001970cae0:   00000007ae8fd150 0000000000000800
0x000000001970caf0:   0000000000000000 0000000700cfbd40
0x000000001970cb00:   0000000700cfdd40 0000000200000001
0x000000001970cb10:   0000001900000025 0000000700d39c00
0x000000001970cb20:   00000007ae21d590 0000000700d3ff30
0x000000001970cb30:   f5c438e6ae909238 00000007ae8fd150 

Instructions: (pc=0x0000000059bdab60)
0x0000000059bdab40:   53 22 4e 00 00 74 15 8b 41 08 8b 0d c8 09 49 00
0x0000000059bdab50:   48 d3 e0 48 03 05 b6 09 49 00 eb 04 48 8b 41 08
0x0000000059bdab60:   4c 8b 50 10 48 8d 48 10 8b 44 24 70 48 89 5c 24
0x0000000059bdab70:   30 89 44 24 28 44 89 4c 24 20 4d 8b c8 45 8b c3 


Register to memory mapping:

RAX=0x0000000218d00000 is an unknown value
RBX=0x000000001426c000 is a thread
RCX=0x0000000000000003 is an unknown value
RDX=0x00000007ae8fdf98 is an unknown value
RSP=0x000000001970ca40 is pointing into the stack for thread: 0x000000001426c000
RBP=0x00000007ae21d5a8 is an oop
[F 
 - klass: {type array float}
 - length: 6
RSI=0x0000000000000006 is an unknown value
RDI=0x0000000000000000 is an unknown value
R8 =0x00000007ae21d5a8 is an oop
[F 
 - klass: {type array float}
 - length: 6
R9 =0x0000000000000000 is an unknown value
R10=0x0000000059bdab10 is an unknown value
R11=0x0000000000000000 is an unknown value
R12=0x0000000000000000 is an unknown value
R13=0x00000007ae21d590 is an oop
[I 
 - klass: {type array int}
 - length: 2
R14=0x000000001970ca78 is pointing into the stack for thread: 0x000000001426c000
R15=0x000000001426c000 is a thread


Stack: [0x0000000019610000,0x0000000019710000],  sp=0x000000001970ca40,  free space=1010k
Native frames: (J=compiled Java code, j=interpreted, Vv=VM code, C=native code)
V  [jvm.dll+0x1bab60]

Java frames: (J=compiled Java code, j=interpreted, Vv=VM code)
v  ~RuntimeStub::_slow_arraycopy_Java
J  sun.font.GlyphLayout$GVData.createGlyphVector(Ljava/awt/Font;Ljava/awt/font/FontRenderContext;Lsun/font/StandardGlyphVector;)Lsun/font/StandardGlyphVector;
J  sun.font.GlyphLayout.layout(Ljava/awt/Font;Ljava/awt/font/FontRenderContext;[CIIILsun/font/StandardGlyphVector;)Lsun/font/StandardGlyphVector;
j  sun.font.ExtendedTextSourceLabel.createGV()Lsun/font/StandardGlyphVector;+63
J  sun.font.ExtendedTextSourceLabel.createCharinfo()[F
J  sun.font.ExtendedTextSourceLabel.getLineBreakIndex(IF)I
J  java.awt.font.TextMeasurer.calcLineBreak(IF)I
J  java.awt.font.TextMeasurer.getLineBreakIndex(IF)I
J  java.awt.font.LineBreakMeasurer.nextLayout(FIZ)Ljava/awt/font/TextLayout;
J  javax.swing.text.TextLayoutStrategy.sync(Ljavax/swing/text/FlowView;)V
j  javax.swing.text.TextLayoutStrategy.insertUpdate(Ljavax/swing/text/FlowView;Ljavax/swing/event/DocumentEvent;Ljava/awt/Rectangle;)V+2
j  javax.swing.text.FlowView.loadChildren(Ljavax/swing/text/ViewFactory;)V+37
J  javax.swing.text.CompositeView.setParent(Ljavax/swing/text/View;)V
j  javax.swing.text.FlowView.setParent(Ljavax/swing/text/View;)V+2
j  javax.swing.plaf.basic.BasicTextAreaUI$PlainParagraph.setParent(Ljavax/swing/text/View;)V+2
J  javax.swing.text.CompositeView.replace(II[Ljavax/swing/text/View;)V
J  javax.swing.text.BoxView.replace(II[Ljavax/swing/text/View;)V
j  javax.swing.text.View.updateChildren(Ljavax/swing/event/DocumentEvent$ElementChange;Ljavax/swing/event/DocumentEvent;Ljavax/swing/text/ViewFactory;)Z+93
j  javax.swing.text.View.insertUpdate(Ljavax/swing/event/DocumentEvent;Ljava/awt/Shape;Ljavax/swing/text/ViewFactory;)V+33
j  javax.swing.plaf.basic.BasicTextUI$RootView.insertUpdate(Ljavax/swing/event/DocumentEvent;Ljava/awt/Shape;Ljavax/swing/text/ViewFactory;)V+14
j  javax.swing.plaf.basic.BasicTextUI$UpdateHandler.insertUpdate(Ljavax/swing/event/DocumentEvent;)V+101
j  javax.swing.text.AbstractDocument.fireInsertUpdate(Ljavax/swing/event/DocumentEvent;)V+40
j  javax.swing.text.AbstractDocument.handleInsertString(ILjava/lang/String;Ljavax/swing/text/AttributeSet;)V+150
j  javax.swing.text.AbstractDocument.insertString(ILjava/lang/String;Ljavax/swing/text/AttributeSet;)V+46
j  javax.swing.text.PlainDocument.insertString(ILjava/lang/String;Ljavax/swing/text/AttributeSet;)V+104
j  javax.swing.text.AbstractDocument.replace(IILjava/lang/String;Ljavax/swing/text/AttributeSet;)V+74
j  javax.swing.text.JTextComponent.setText(Ljava/lang/String;)V+25
j  wikibot.GUI.GUI$6.actionPerformed(Ljava/awt/event/ActionEvent;)V+61
j  wikibot.GUI.GUI$7.actionPerformed(Ljava/awt/event/ActionEvent;)V+52
j  javax.swing.AbstractButton.fireActionPerformed(Ljava/awt/event/ActionEvent;)V+84
j  javax.swing.AbstractButton$Handler.actionPerformed(Ljava/awt/event/ActionEvent;)V+5
j  javax.swing.DefaultButtonModel.fireActionPerformed(Ljava/awt/event/ActionEvent;)V+35
j  javax.swing.DefaultButtonModel.setPressed(Z)V+117
j  javax.swing.plaf.basic.BasicButtonListener.mouseReleased(Ljava/awt/event/MouseEvent;)V+35
j  java.awt.Component.processMouseEvent(Ljava/awt/event/MouseEvent;)V+64
j  javax.swing.JComponent.processMouseEvent(Ljava/awt/event/MouseEvent;)V+23
j  java.awt.Component.processEvent(Ljava/awt/AWTEvent;)V+81
j  java.awt.Container.processEvent(Ljava/awt/AWTEvent;)V+18
j  java.awt.Component.dispatchEventImpl(Ljava/awt/AWTEvent;)V+581
J  java.awt.Container.dispatchEventImpl(Ljava/awt/AWTEvent;)V
J  java.awt.LightweightDispatcher.retargetMouseEvent(Ljava/awt/Component;ILjava/awt/event/MouseEvent;)V
J  java.awt.EventQueue.access$200(Ljava/awt/EventQueue;Ljava/awt/AWTEvent;Ljava/lang/Object;)V
J  java.awt.EventQueue$3.run()Ljava/lang/Object;
v  ~StubRoutines::call_stub
J  java.security.AccessController.doPrivileged(Ljava/security/PrivilegedAction;Ljava/security/AccessControlContext;)Ljava/lang/Object;
J  java.security.ProtectionDomain$1.doIntersectionPrivilege(Ljava/security/PrivilegedAction;Ljava/security/AccessControlContext;Ljava/security/AccessControlContext;)Ljava/lang/Object;
j  java.security.ProtectionDomain$1.doIntersectionPrivilege(Ljava/security/PrivilegedAction;Ljava/security/AccessControlContext;)Ljava/lang/Object;+6
j  java.awt.EventQueue$4.run()Ljava/lang/Void;+11
j  java.awt.EventQueue$4.run()Ljava/lang/Object;+1
v  ~StubRoutines::call_stub
J  java.security.AccessController.doPrivileged(Ljava/security/PrivilegedAction;Ljava/security/AccessControlContext;)Ljava/lang/Object;
J  java.awt.EventDispatchThread.pumpOneEventForFilters(I)V
J  java.awt.EventDispatchThread.pumpEventsForFilter(ILjava/awt/Conditional;Ljava/awt/EventFilter;)V
j  java.awt.EventDispatchThread.pumpEventsForHierarchy(ILjava/awt/Conditional;Ljava/awt/Component;)V+11
j  java.awt.EventDispatchThread.pumpEvents(ILjava/awt/Conditional;)V+4
j  java.awt.EventDispatchThread.pumpEvents(Ljava/awt/Conditional;)V+3
j  java.awt.EventDispatchThread.run()V+9
v  ~StubRoutines::call_stub

---------------  P R O C E S S  ---------------

Java Threads: ( => current thread )
  0x0000000018652800 JavaThread "Keep-Alive-Timer" daemon [_thread_blocked, id=11488, stack(0x0000000014ee0000,0x0000000014fe0000)]
  0x00000000144b4800 JavaThread "TimerQueue" daemon [_thread_blocked, id=7704, stack(0x000000001c130000,0x000000001c230000)]
  0x000000001449f800 JavaThread "D3D Screen Updater" daemon [_thread_blocked, id=12248, stack(0x000000001adc0000,0x000000001aec0000)]
  0x000000000016d000 JavaThread "DestroyJavaVM" [_thread_blocked, id=8568, stack(0x0000000002420000,0x0000000002520000)]
=>0x000000001426c000 JavaThread "AWT-EventQueue-0" [_thread_in_vm, id=7916, stack(0x0000000019610000,0x0000000019710000)]
  0x0000000014394000 JavaThread "AWT-Windows" daemon [_thread_in_native, id=8684, stack(0x0000000015310000,0x0000000015410000)]
  0x0000000014393800 JavaThread "AWT-Shutdown" [_thread_blocked, id=3848, stack(0x0000000015180000,0x0000000015280000)]
  0x0000000014391000 JavaThread "Java2D Disposer" daemon [_thread_blocked, id=4756, stack(0x0000000014bb0000,0x0000000014cb0000)]
  0x00000000132d7800 JavaThread "Service Thread" daemon [_thread_blocked, id=8592, stack(0x0000000012f30000,0x0000000013030000)]
  0x00000000132d3000 JavaThread "C2 CompilerThread1" daemon [_thread_blocked, id=2748, stack(0x0000000013df0000,0x0000000013ef0000)]
  0x00000000132bd800 JavaThread "C2 CompilerThread0" daemon [_thread_blocked, id=10408, stack(0x0000000013cb0000,0x0000000013db0000)]
  0x00000000132bc800 JavaThread "Attach Listener" daemon [_thread_blocked, id=10444, stack(0x0000000013a40000,0x0000000013b40000)]
  0x00000000132bc000 JavaThread "Signal Dispatcher" daemon [_thread_blocked, id=10096, stack(0x00000000138c0000,0x00000000139c0000)]
  0x000000001126f000 JavaThread "Finalizer" daemon [_thread_blocked, id=1872, stack(0x0000000013770000,0x0000000013870000)]
  0x000000001126e800 JavaThread "Reference Handler" daemon [_thread_blocked, id=11524, stack(0x0000000013170000,0x0000000013270000)]

Other Threads:
  0x0000000011267000 VMThread [stack: 0x0000000013030000,0x0000000013130000] [id=11876]
  0x00000000132f4800 WatcherThread [stack: 0x0000000013bb0000,0x0000000013cb0000] [id=7808]

VM state:not at safepoint (normal execution)

VM Mutex/Monitor currently owned by a thread: None

Heap
 PSYoungGen      total 60096K, used 55411K [0x00000007aaeb0000, 0x00000007b0240000, 0x0000000800000000)
  eden space 57920K, 91% used [0x00000007aaeb0000,0x00000007ae2b4198,0x00000007ae740000)
  from space 2176K, 98% used [0x00000007ae8a0000,0x00000007aeab8bf8,0x00000007aeac0000)
  to   space 13824K, 0% used [0x00000007af4c0000,0x00000007af4c0000,0x00000007b0240000)
 ParOldGen       total 174208K, used 5226K [0x0000000700c00000, 0x000000070b620000, 0x00000007aaeb0000)
  object space 174208K, 3% used [0x0000000700c00000,0x000000070111ab50,0x000000070b620000)
 PSPermGen       total 21248K, used 17028K [0x00000006fba00000, 0x00000006fcec0000, 0x0000000700c00000)
  object space 21248K, 80% used [0x00000006fba00000,0x00000006fcaa1038,0x00000006fcec0000)

Card table byte_map: [0x0000000005520000,0x0000000005d50000] byte_map_base: 0x0000000001d43000

Polling page: 0x0000000000140000

Code Cache  [0x0000000002520000, 0x0000000002820000, 0x0000000005520000)
 total_blobs=1446 nmethods=948 adapters=448 free_code_cache=46148Kb largest_free_block=47196096

Compilation events (10 events):
Event: 364.896 Thread 0x00000000132d3000 1000             java.util.ArrayList::access$200 (5 bytes)
Event: 364.897 Thread 0x00000000132d3000 nmethod 1000 0x0000000002815fd0 code [0x0000000002816100, 0x0000000002816158]
Event: 369.434 Thread 0x00000000132bd800 1001             java.util.ArrayList$Itr::hasNext (20 bytes)
Event: 369.435 Thread 0x00000000132bd800 nmethod 1001 0x0000000002815d50 code [0x0000000002815e80, 0x0000000002815f18]
Event: 369.524 Thread 0x00000000132d3000 1002             java.net.URI::quote (208 bytes)
Event: 369.552 Thread 0x00000000132d3000 nmethod 1002 0x00000000028119d0 code [0x0000000002811c00, 0x0000000002812b98]
Event: 376.987 Thread 0x00000000132bd800 1003             java.util.ArrayList$Itr::next (66 bytes)
Event: 376.989 Thread 0x00000000132bd800 nmethod 1003 0x0000000002811650 code [0x00000000028117a0, 0x0000000002811898]
Event: 404.045 Thread 0x00000000132d3000 1004  s          sun.net.www.MessageHeader::findValue (69 bytes)
Event: 404.053 Thread 0x00000000132d3000 nmethod 1004 0x0000000002810d50 code [0x0000000002810ea0, 0x0000000002811408]

GC Heap History (10 events):
Event: 53.637 GC heap before
{Heap before GC invocations=5 (full 0):
 PSYoungGen      total 76224K, used 70916K [0x00000007aaeb0000, 0x00000007b03c0000, 0x0000000800000000)
  eden space 65344K, 100% used [0x00000007aaeb0000,0x00000007aee80000,0x00000007aee80000)
  from space 10880K, 51% used [0x00000007af920000,0x00000007afe91258,0x00000007b03c0000)
  to   space 10880K, 0% used [0x00000007aee80000,0x00000007aee80000,0x00000007af920000)
 ParOldGen       total 174208K, used 983K [0x0000000700c00000, 0x000000070b620000, 0x00000007aaeb0000)
  object space 174208K, 0% used [0x0000000700c00000,0x0000000700cf5d40,0x000000070b620000)
 PSPermGen       total 21248K, used 16772K [0x00000006fba00000, 0x00000006fcec0000, 0x0000000700c00000)
  object space 21248K, 78% used [0x00000006fba00000,0x00000006fca613b8,0x00000006fcec0000)
Event: 53.644 GC heap after
Heap after GC invocations=5 (full 0):
 PSYoungGen      total 74624K, used 5799K [0x00000007aaeb0000, 0x00000007b0830000, 0x0000000800000000)
  eden space 63744K, 0% used [0x00000007aaeb0000,0x00000007aaeb0000,0x00000007aecf0000)
  from space 10880K, 53% used [0x00000007aee80000,0x00000007af429cb8,0x00000007af920000)
  to   space 13952K, 0% used [0x00000007afa90000,0x00000007afa90000,0x00000007b0830000)
 ParOldGen       total 174208K, used 991K [0x0000000700c00000, 0x000000070b620000, 0x00000007aaeb0000)
  object space 174208K, 0% used [0x0000000700c00000,0x0000000700cf7d40,0x000000070b620000)
 PSPermGen       total 21248K, used 16772K [0x00000006fba00000, 0x00000006fcec0000, 0x0000000700c00000)
  object space 21248K, 78% used [0x00000006fba00000,0x00000006fca613b8,0x00000006fcec0000)
}
Event: 106.061 GC heap before
{Heap before GC invocations=6 (full 0):
 PSYoungGen      total 74624K, used 69543K [0x00000007aaeb0000, 0x00000007b0830000, 0x0000000800000000)
  eden space 63744K, 100% used [0x00000007aaeb0000,0x00000007aecf0000,0x00000007aecf0000)
  from space 10880K, 53% used [0x00000007aee80000,0x00000007af429cb8,0x00000007af920000)
  to   space 13952K, 0% used [0x00000007afa90000,0x00000007afa90000,0x00000007b0830000)
 ParOldGen       total 174208K, used 991K [0x0000000700c00000, 0x000000070b620000, 0x00000007aaeb0000)
  object space 174208K, 0% used [0x0000000700c00000,0x0000000700cf7d40,0x000000070b620000)
 PSPermGen       total 21248K, used 16865K [0x00000006fba00000, 0x00000006fcec0000, 0x0000000700c00000)
  object space 21248K, 79% used [0x00000006fba00000,0x00000006fca785c8,0x00000006fcec0000)
Event: 106.068 GC heap after
Heap after GC invocations=6 (full 0):
 PSYoungGen      total 73344K, used 6568K [0x00000007aaeb0000, 0x00000007b0570000, 0x0000000800000000)
  eden space 62208K, 0% used [0x00000007aaeb0000,0x00000007aaeb0000,0x00000007aeb70000)
  from space 11136K, 58% used [0x00000007afa90000,0x00000007b00fa000,0x00000007b0570000)
  to   space 13312K, 0% used [0x00000007aeb70000,0x00000007aeb70000,0x00000007af870000)
 ParOldGen       total 174208K, used 999K [0x0000000700c00000, 0x000000070b620000, 0x00000007aaeb0000)
  object space 174208K, 0% used [0x0000000700c00000,0x0000000700cf9d40,0x000000070b620000)
 PSPermGen       total 21248K, used 16865K [0x00000006fba00000, 0x00000006fcec0000, 0x0000000700c00000)
  object space 21248K, 79% used [0x00000006fba00000,0x00000006fca785c8,0x00000006fcec0000)
}
Event: 120.000 GC heap before
{Heap before GC invocations=7 (full 0):
 PSYoungGen      total 73344K, used 68776K [0x00000007aaeb0000, 0x00000007b0570000, 0x0000000800000000)
  eden space 62208K, 100% used [0x00000007aaeb0000,0x00000007aeb70000,0x00000007aeb70000)
  from space 11136K, 58% used [0x00000007afa90000,0x00000007b00fa000,0x00000007b0570000)
  to   space 13312K, 0% used [0x00000007aeb70000,0x00000007aeb70000,0x00000007af870000)
 ParOldGen       total 174208K, used 999K [0x0000000700c00000, 0x000000070b620000, 0x00000007aaeb0000)
  object space 174208K, 0% used [0x0000000700c00000,0x0000000700cf9d40,0x000000070b620000)
 PSPermGen       total 21248K, used 16886K [0x00000006fba00000, 0x00000006fcec0000, 0x0000000700c00000)
  object space 21248K, 79% used [0x00000006fba00000,0x00000006fca7dbe8,0x00000006fcec0000)
Event: 120.010 GC heap after
Heap after GC invocations=7 (full 0):
 PSYoungGen      total 62976K, used 2240K [0x00000007aaeb0000, 0x00000007b04c0000, 0x0000000800000000)
  eden space 60736K, 0% used [0x00000007aaeb0000,0x00000007aaeb0000,0x00000007aea00000)
  from space 2240K, 100% used [0x00000007aeb70000,0x00000007aeda0000,0x00000007aeda0000)
  to   space 13696K, 0% used [0x00000007af760000,0x00000007af760000,0x00000007b04c0000)
 ParOldGen       total 174208K, used 4928K [0x0000000700c00000, 0x000000070b620000, 0x00000007aaeb0000)
  object space 174208K, 2% used [0x0000000700c00000,0x00000007010d00e0,0x000000070b620000)
 PSPermGen       total 21248K, used 16886K [0x00000006fba00000, 0x00000006fcec0000, 0x0000000700c00000)
  object space 21248K, 79% used [0x00000006fba00000,0x00000006fca7dbe8,0x00000006fcec0000)
}
Event: 205.419 GC heap before
{Heap before GC invocations=8 (full 0):
 PSYoungGen      total 62976K, used 62976K [0x00000007aaeb0000, 0x00000007b04c0000, 0x0000000800000000)
  eden space 60736K, 100% used [0x00000007aaeb0000,0x00000007aea00000,0x00000007aea00000)
  from space 2240K, 100% used [0x00000007aeb70000,0x00000007aeda0000,0x00000007aeda0000)
  to   space 13696K, 0% used [0x00000007af760000,0x00000007af760000,0x00000007b04c0000)
 ParOldGen       total 174208K, used 4928K [0x0000000700c00000, 0x000000070b620000, 0x00000007aaeb0000)
  object space 174208K, 2% used [0x0000000700c00000,0x00000007010d00e0,0x000000070b620000)
 PSPermGen       total 21248K, used 16914K [0x00000006fba00000, 0x00000006fcec0000, 0x0000000700c00000)
  object space 21248K, 79% used [0x00000006fba00000,0x00000006fca84b30,0x00000006fcec0000)
Event: 205.424 GC heap after
Heap after GC invocations=8 (full 0):
 PSYoungGen      total 72000K, used 1589K [0x00000007aaeb0000, 0x00000007b03c0000, 0x0000000800000000)
  eden space 59328K, 0% used [0x00000007aaeb0000,0x00000007aaeb0000,0x00000007ae8a0000)
  from space 12672K, 12% used [0x00000007af760000,0x00000007af8ed7c0,0x00000007b03c0000)
  to   space 13888K, 0% used [0x00000007ae8a0000,0x00000007ae8a0000,0x00000007af630000)
 ParOldGen       total 174208K, used 5162K [0x0000000700c00000, 0x000000070b620000, 0x00000007aaeb0000)
  object space 174208K, 2% used [0x0000000700c00000,0x000000070110ab50,0x000000070b620000)
 PSPermGen       total 21248K, used 16914K [0x00000006fba00000, 0x00000006fcec0000, 0x0000000700c00000)
  object space 21248K, 79% used [0x00000006fba00000,0x00000006fca84b30,0x00000006fcec0000)
}
Event: 236.603 GC heap before
{Heap before GC invocations=9 (full 0):
 PSYoungGen      total 72000K, used 60917K [0x00000007aaeb0000, 0x00000007b03c0000, 0x0000000800000000)
  eden space 59328K, 100% used [0x00000007aaeb0000,0x00000007ae8a0000,0x00000007ae8a0000)
  from space 12672K, 12% used [0x00000007af760000,0x00000007af8ed7c0,0x00000007b03c0000)
  to   space 13888K, 0% used [0x00000007ae8a0000,0x00000007ae8a0000,0x00000007af630000)
 ParOldGen       total 174208K, used 5162K [0x0000000700c00000, 0x000000070b620000, 0x00000007aaeb0000)
  object space 174208K, 2% used [0x0000000700c00000,0x000000070110ab50,0x000000070b620000)
 PSPermGen       total 21248K, used 16930K [0x00000006fba00000, 0x00000006fcec0000, 0x0000000700c00000)
  object space 21248K, 79% used [0x00000006fba00000,0x00000006fca88b58,0x00000006fcec0000)
Event: 236.605 GC heap after
Heap after GC invocations=9 (full 0):
 PSYoungGen      total 60096K, used 2146K [0x00000007aaeb0000, 0x00000007b0240000, 0x0000000800000000)
  eden space 57920K, 0% used [0x00000007aaeb0000,0x00000007aaeb0000,0x00000007ae740000)
  from space 2176K, 98% used [0x00000007ae8a0000,0x00000007aeab8bf8,0x00000007aeac0000)
  to   space 13824K, 0% used [0x00000007af4c0000,0x00000007af4c0000,0x00000007b0240000)
 ParOldGen       total 174208K, used 5226K [0x0000000700c00000, 0x000000070b620000, 0x00000007aaeb0000)
  object space 174208K, 3% used [0x0000000700c00000,0x000000070111ab50,0x000000070b620000)
 PSPermGen       total 21248K, used 16930K [0x00000006fba00000, 0x00000006fcec0000, 0x0000000700c00000)
  object space 21248K, 79% used [0x00000006fba00000,0x00000006fca88b58,0x00000006fcec0000)
}

Deoptimization events (10 events):
Event: 217.529 Thread 0x0000000018b9c000 Uncommon trap -83 fr.pc 0x000000000266b984
Event: 217.534 Thread 0x0000000018b9c000 Uncommon trap -83 fr.pc 0x000000000275c188
Event: 217.534 Thread 0x0000000018b9c000 Uncommon trap -83 fr.pc 0x0000000002757010
Event: 217.534 Thread 0x000000001426c000 Uncommon trap -83 fr.pc 0x0000000002753518
Event: 217.534 Thread 0x0000000018b9c000 Uncommon trap -83 fr.pc 0x00000000026073bc
Event: 330.504 Thread 0x000000001426c000 Uncommon trap -83 fr.pc 0x0000000002775304
Event: 332.244 Thread 0x000000001426c000 Uncommon trap -34 fr.pc 0x00000000027f7d50
Event: 332.244 Thread 0x000000001426c000 Uncommon trap -34 fr.pc 0x00000000027f7d50
Event: 332.245 Thread 0x000000001426c000 Uncommon trap -83 fr.pc 0x00000000025b5ca8
Event: 332.245 Thread 0x000000001426c000 Uncommon trap -34 fr.pc 0x00000000027f7d50

Internal exceptions (10 events):
Event: 7.514 Thread 0x000000001426c000 Threw 0x00000007acd8eff8 at C:\jdk7u2_64p\jdk7u25\hotspot\src\share\vm\prims\jvm.cpp:1235
Event: 7.514 Thread 0x000000001426c000 Threw 0x00000007acd91248 at C:\jdk7u2_64p\jdk7u25\hotspot\src\share\vm\prims\jvm.cpp:1235
Event: 7.560 Thread 0x000000001426c000 Implicit null exception at 0x00000000025dfb72 to 0x00000000025dfbcd
Event: 7.567 Thread 0x000000001426c000 Implicit null exception at 0x00000000025e2022 to 0x00000000025e2179
Event: 8.936 Thread 0x000000001426c000 Implicit null exception at 0x000000000260eb0f to 0x000000000260ee71
Event: 9.669 Thread 0x000000001426c000 Implicit null exception at 0x00000000026b8744 to 0x00000000026b8f9d
Event: 11.085 Thread 0x000000001426c000 Implicit null exception at 0x000000000272ddc3 to 0x000000000272e83d
Event: 217.534 Thread 0x0000000018b9c000 Implicit null exception at 0x0000000002756dde to 0x0000000002756ffc
Event: 217.534 Thread 0x0000000018b9c000 Implicit null exception at 0x0000000002606c29 to 0x000000000260739d
Event: 330.504 Thread 0x000000001426c000 Implicit null exception at 0x0000000002774f54 to 0x00000000027752e5

Events (10 events):
Event: 414.047 Executing VM operation: RevokeBias
Event: 414.047 Executing VM operation: RevokeBias done
Event: 414.047 Executing VM operation: BulkRevokeBias
Event: 414.047 Executing VM operation: BulkRevokeBias done
Event: 414.047 Thread 0x0000000018652800 Thread exited: 0x0000000018652800
Event: 422.543 Thread 0x0000000018652800 Thread added: 0x0000000018652800
Event: 422.543 Executing VM operation: RevokeBias
Event: 422.543 Executing VM operation: RevokeBias done
Event: 422.543 Thread 0x0000000018652800 Thread exited: 0x0000000018652800
Event: 422.638 Thread 0x0000000018652800 Thread added: 0x0000000018652800


Dynamic libraries:
0x000000013fc80000 - 0x000000013fcb3000 	C:\Program Files\Java\jdk1.7.0_25\bin\java.exe
0x00000000770f0000 - 0x0000000077299000 	C:\Windows\SYSTEM32\ntdll.dll
0x0000000076fd0000 - 0x00000000770ef000 	C:\Windows\system32\kernel32.dll
0x000007fefc250000 - 0x000007fefc2bc000 	C:\Windows\system32\KERNELBASE.dll
0x000007fefca10000 - 0x000007fefcaeb000 	C:\Windows\system32\ADVAPI32.dll
0x000007fefcba0000 - 0x000007fefcc3f000 	C:\Windows\system32\msvcrt.dll
0x000007fefe260000 - 0x000007fefe27f000 	C:\Windows\SYSTEM32\sechost.dll
0x000007fefd180000 - 0x000007fefd2ad000 	C:\Windows\system32\RPCRT4.dll
0x0000000076ed0000 - 0x0000000076fca000 	C:\Windows\system32\USER32.dll
0x000007fefe150000 - 0x000007fefe1b7000 	C:\Windows\system32\GDI32.dll
0x000007fefcb90000 - 0x000007fefcb9e000 	C:\Windows\system32\LPK.dll
0x000007fefc920000 - 0x000007fefc9e9000 	C:\Windows\system32\USP10.dll
0x000007fefa910000 - 0x000007fefab04000 	C:\Windows\WinSxS\amd64_microsoft.windows.common-controls_6595b64144ccf1df_6.0.7601.18837_none_fa3b1e3d17594757\COMCTL32.dll
0x000007fefc7c0000 - 0x000007fefc831000 	C:\Windows\system32\SHLWAPI.dll
0x000007fefc8f0000 - 0x000007fefc91e000 	C:\Windows\system32\IMM32.DLL
0x000007fefd2b0000 - 0x000007fefd3b9000 	C:\Windows\system32\MSCTF.dll
0x000000005d930000 - 0x000000005da01000 	C:\Program Files\Java\jdk1.7.0_25\jre\bin\msvcr100.dll
0x0000000059a20000 - 0x000000005a12f000 	C:\Program Files\Java\jdk1.7.0_25\jre\bin\server\jvm.dll
0x000007fef88e0000 - 0x000007fef88e9000 	C:\Windows\system32\WSOCK32.dll
0x000007fefc8a0000 - 0x000007fefc8ed000 	C:\Windows\system32\WS2_32.dll
0x000007fefc2c0000 - 0x000007fefc2c8000 	C:\Windows\system32\NSI.dll
0x000007fef9ad0000 - 0x000007fef9b0b000 	C:\Windows\system32\WINMM.dll
0x00000000772b0000 - 0x00000000772b7000 	C:\Windows\system32\PSAPI.DLL
0x000000006ce90000 - 0x000000006ce9f000 	C:\Program Files\Java\jdk1.7.0_25\jre\bin\verify.dll
0x0000000067010000 - 0x0000000067038000 	C:\Program Files\Java\jdk1.7.0_25\jre\bin\java.dll
0x0000000066f20000 - 0x0000000066f35000 	C:\Program Files\Java\jdk1.7.0_25\jre\bin\zip.dll
0x0000000066d30000 - 0x0000000066d54000 	C:\Program Files\Java\jdk1.7.0_25\jre\bin\sunec.dll
0x0000000066d20000 - 0x0000000066d2b000 	C:\Program Files\Java\jdk1.7.0_25\jre\bin\sunmscapi.dll
0x000007fefbf90000 - 0x000007fefc0fd000 	C:\Windows\system32\CRYPT32.dll
0x000007fefbf00000 - 0x000007fefbf0f000 	C:\Windows\system32\MSASN1.dll
0x000007fefb740000 - 0x000007fefb758000 	C:\Windows\system32\CRYPTSP.dll
0x000007fefb440000 - 0x000007fefb487000 	C:\Windows\system32\rsaenh.dll
0x000007fefc1a0000 - 0x000007fefc1be000 	C:\Windows\system32\USERENV.dll
0x000007fefbf10000 - 0x000007fefbf1f000 	C:\Windows\system32\profapi.dll
0x000007fefbda0000 - 0x000007fefbdaf000 	C:\Windows\system32\CRYPTBASE.dll
0x0000000066f00000 - 0x0000000066f19000 	C:\Program Files\Java\jdk1.7.0_25\jre\bin\net.dll
0x000007fefb6e0000 - 0x000007fefb735000 	C:\Windows\system32\mswsock.dll
0x000007fefb6d0000 - 0x000007fefb6d7000 	C:\Windows\System32\wship6.dll
0x000007fef9760000 - 0x000007fef9775000 	C:\Windows\system32\NLAapi.dll
0x000007fef6b90000 - 0x000007fef6ba5000 	C:\Windows\system32\napinsp.dll
0x000007fef6b70000 - 0x000007fef6b89000 	C:\Windows\system32\pnrpnsp.dll
0x0000000071110000 - 0x0000000071136000 	C:\Program Files\Bonjour\mdnsNSP.dll
0x000007fef9150000 - 0x000007fef9177000 	C:\Windows\system32\Iphlpapi.DLL
0x000007fef9140000 - 0x000007fef914b000 	C:\Windows\system32\WINNSI.DLL
0x000007fefb560000 - 0x000007fefb5bb000 	C:\Windows\system32\DNSAPI.dll
0x000007fef6b40000 - 0x000007fef6b4b000 	C:\Windows\System32\winrnr.dll
0x000007fefb0c0000 - 0x000007fefb0c7000 	C:\Windows\System32\wshtcpip.dll
0x000007fef7500000 - 0x000007fef7508000 	C:\Windows\system32\rasadhlp.dll
0x000007fef8fe0000 - 0x000007fef9033000 	C:\Windows\System32\fwpuclnt.dll
0x0000000066ee0000 - 0x0000000066ef1000 	C:\Program Files\Java\jdk1.7.0_25\jre\bin\nio.dll
0x000000005d790000 - 0x000000005d925000 	C:\Program Files\Java\jdk1.7.0_25\jre\bin\awt.dll
0x000007fefcdd0000 - 0x000007fefcea7000 	C:\Windows\system32\OLEAUT32.dll
0x000007fefc2d0000 - 0x000007fefc4d3000 	C:\Windows\system32\ole32.dll
0x000007fefa0c0000 - 0x000007fefa0d8000 	C:\Windows\system32\DWMAPI.DLL
0x000007fefa5c0000 - 0x000007fefa616000 	C:\Windows\system32\uxtheme.dll
0x000007fee5350000 - 0x000007fee554f000 	C:\Windows\system32\d3d9.dll
0x000007fefafa0000 - 0x000007fefafac000 	C:\Windows\system32\VERSION.dll
0x000007fee5340000 - 0x000007fee5347000 	C:\Windows\system32\d3d8thk.dll
0x000007fef51d0000 - 0x000007fef52ec000 	C:\Windows\system32\aticfx64.dll
0x000007fee5320000 - 0x000007fee5340000 	C:\Windows\system32\atiu9p64.dll
0x000007fee3e10000 - 0x000007fee44c7000 	C:\Windows\system32\atiumd64.dll
0x000000006c7c0000 - 0x000000006cc8d000 	C:\Windows\system32\atiumd6a.dll
0x000007fefd3c0000 - 0x000007fefe149000 	C:\Windows\system32\SHELL32.dll
0x0000000066db0000 - 0x0000000066def000 	C:\Program Files\Java\jdk1.7.0_25\jre\bin\fontmanager.dll
0x0000000066d60000 - 0x0000000066da1000 	C:\Program Files\Java\jdk1.7.0_25\jre\bin\t2k.dll
0x000007fefcaf0000 - 0x000007fefcb89000 	C:\Windows\system32\CLBCatQ.DLL
0x000007fef9f10000 - 0x000007fefa071000 	C:\Windows\system32\WindowsCodecs.dll
0x000007fefbd40000 - 0x000007fefbd97000 	C:\Windows\system32\apphelp.dll
0x000007fee7810000 - 0x000007fee78d0000 	C:\Program Files (x86)\Google\Drive\googledrivesync64.dll
0x000000006f470000 - 0x000000006f543000 	C:\Program Files (x86)\Google\Drive\Microsoft.VC90.CRT\MSVCP90.dll
0x000000006f3c0000 - 0x000000006f463000 	C:\Program Files (x86)\Google\Drive\Microsoft.VC90.CRT\MSVCR90.dll
0x000007fef4ee0000 - 0x000007fef4f15000 	C:\Windows\system32\EhStorShell.dll
0x000007fefe280000 - 0x000007fefe457000 	C:\Windows\system32\SETUPAPI.dll
0x000007fefc1f0000 - 0x000007fefc226000 	C:\Windows\system32\CFGMGR32.dll
0x000007fefc1d0000 - 0x000007fefc1ea000 	C:\Windows\system32\DEVOBJ.dll
0x000007fefa790000 - 0x000007fefa8bc000 	C:\Windows\system32\PROPSYS.dll
0x000007fef3c60000 - 0x000007fef42d2000 	C:\PROGRA~1\MICROS~2\Office14\GROOVEEX.DLL
0x0000000071250000 - 0x00000000712ed000 	C:\Windows\WinSxS\amd64_microsoft.vc90.crt_1fc8b3b9a1e18e3b_9.0.30729.4940_none_08e4299fa83d7e3c\MSVCR90.dll
0x00000000712f0000 - 0x00000000713c3000 	C:\Windows\WinSxS\amd64_microsoft.vc90.crt_1fc8b3b9a1e18e3b_9.0.30729.4940_none_08e4299fa83d7e3c\MSVCP90.dll
0x000000006f390000 - 0x000000006f3bf000 	C:\Windows\WinSxS\amd64_microsoft.vc90.atl_1fc8b3b9a1e18e3b_9.0.30729.4148_none_0a1d2fcba76b3f00\ATL90.DLL
0x000007fef3850000 - 0x000007fef3c5f000 	C:\PROGRA~1\COMMON~1\MICROS~1\OFFICE14\Cultures\office.odf
0x000007fef2fe0000 - 0x000007fef3844000 	C:\PROGRA~1\MICROS~2\Office14\1033\GrooveIntlResource.dll
0x000007fef53e0000 - 0x000007fef545e000 	C:\Windows\System32\cscui.dll
0x000007fef54f0000 - 0x000007fef54fc000 	C:\Windows\System32\CSCDLL.dll
0x000007fef54e0000 - 0x000007fef54ef000 	C:\Windows\system32\CSCAPI.dll
0x000007fef4ff0000 - 0x000007fef5070000 	C:\Windows\system32\ntshrui.dll
0x000007fefbaa0000 - 0x000007fefbac3000 	C:\Windows\system32\srvcli.dll
0x000007fef9630000 - 0x000007fef963b000 	C:\Windows\system32\slc.dll
0x000007fef6a00000 - 0x000007fef6b25000 	C:\Windows\system32\dbghelp.dll

VM Arguments:
jvm_args: -Dfile.encoding=UTF-8 
java_command: wikibot.WikiBot
Launcher Type: SUN_STANDARD

Environment Variables:
PATH=C:\ProgramData\Oracle\Java\javapath;C:\Program Files (x86)\AMD APP\bin\x86_64;C:\Program Files (x86)\AMD APP\bin\x86;C:\Windows\system32;C:\Windows;C:\Windows\System32\Wbem;C:\Windows\System32\WindowsPowerShell\v1.0\;C:\Program Files (x86)\ATI Technologies\ATI.ACE\Core-Static;C:\Program Files\Calibre2\
USERNAME=Dave
OS=Windows_NT
PROCESSOR_IDENTIFIER=AMD64 Family 21 Model 2 Stepping 0, AuthenticAMD



---------------  S Y S T E M  ---------------

OS: Windows 7 , 64 bit Build 7601 Service Pack 1

CPU:total 8 (8 cores per cpu, 1 threads per core) family 21 model 2 stepping 0, cmov, cx8, fxsr, mmx, sse, sse2, sse3, ssse3, sse4.1, sse4.2, popcnt, avx, mmxext, 3dnowpref, lzcnt, sse4a, tsc, tscinvbit, tscinv

Memory: 4k page, physical 16720156k(10585028k free), swap 33438472k(25082488k free)

vm_info: Java HotSpot(TM) 64-Bit Server VM (23.25-b01) for windows-amd64 JRE (1.7.0_25-b17), built on Jun 21 2013 12:58:32 by "java_re" with unknown MS VC++:1600

time: Fri Mar 18 18:56:00 2016
elapsed time: 423 seconds

