#
# A fatal error has been detected by the Java Runtime Environment:
#
#  EXCEPTION_ACCESS_VIOLATION (0xc0000005) at pc=0x0000000059bdab60, pid=3872, tid=9676
#
# JRE version: 7.0_25-b17
# Java VM: Java HotSpot(TM) 64-Bit Server VM (23.25-b01 mixed mode windows-amd64 compressed oops)
# Problematic frame:
# V  [jvm.dll+0x1bab60]
#
# Failed to write core dump. Minidumps are not enabled by default on client versions of Windows
#
# If you would like to submit a bug report, please visit:
#   http://bugreport.sun.com/bugreport/crash.jsp
#

---------------  T H R E A D  ---------------

Current thread (0x0000000014606800):  JavaThread "AWT-EventQueue-0" [_thread_in_vm, id=9676, stack(0x0000000019a50000,0x0000000019b50000)]

siginfo: ExceptionCode=0xc0000005, reading address 0x0000000218d00010

Registers:
RAX=0x0000000218d00000, RBX=0x0000000014606800, RCX=0x0000000000000003, RDX=0x00000007aeb9bad8
RSP=0x0000000019b4c7f0, RBP=0x00000007ac286590, RSI=0x0000000000000006, RDI=0x0000000000000000
R8 =0x00000007ac286590, R9 =0x0000000000000000, R10=0x0000000059bdab10, R11=0x0000000000000000
R12=0x0000000000000000, R13=0x00000007ac286578, R14=0x0000000019b4c828, R15=0x0000000014606800
RIP=0x0000000059bdab60, EFLAGS=0x0000000000010206

Top of Stack: (sp=0x0000000019b4c7f0)
0x0000000019b4c7f0:   00000000146a4ff0 0000000700eb6488
0x0000000019b4c800:   0000000700ec8f08 0000000700c94750
0x0000000019b4c810:   0000000000000001 0000000700f20000
0x0000000019b4c820:   00000007ac285718 0000000700c947e0
0x0000000019b4c830:   0000000000000000 0000000002652095
0x0000000019b4c840:   0000000000000002 00000000027ce8e8
0x0000000019b4c850:   0000000700000022 0000000700000025
0x0000000019b4c860:   0000000000000006 0000000014606800
0x0000000019b4c870:   00000007ac286590 00000000026f2904
0x0000000019b4c880:   0000000000000000 0000000700c94738
0x0000000019b4c890:   0000000700c832d8 0000000000000800
0x0000000019b4c8a0:   0000000000000000 0000000700e63330
0x0000000019b4c8b0:   0000000700e634b8 0000000200000001
0x0000000019b4c8c0:   0000002500000000 0000000700ec8f08
0x0000000019b4c8d0:   00000007ac286578 0000000700f1caf8
0x0000000019b4c8e0:   0000000700c94620 0000000700c832d8 

Instructions: (pc=0x0000000059bdab60)
0x0000000059bdab40:   53 22 4e 00 00 74 15 8b 41 08 8b 0d c8 09 49 00
0x0000000059bdab50:   48 d3 e0 48 03 05 b6 09 49 00 eb 04 48 8b 41 08
0x0000000059bdab60:   4c 8b 50 10 48 8d 48 10 8b 44 24 70 48 89 5c 24
0x0000000059bdab70:   30 89 44 24 28 44 89 4c 24 20 4d 8b c8 45 8b c3 


Register to memory mapping:

RAX=0x0000000218d00000 is an unknown value
RBX=0x0000000014606800 is a thread
RCX=0x0000000000000003 is an unknown value
RDX=0x00000007aeb9bad8 is an unknown value
RSP=0x0000000019b4c7f0 is pointing into the stack for thread: 0x0000000014606800
RBP=0x00000007ac286590 is an oop
[F 
 - klass: {type array float}
 - length: 6
RSI=0x0000000000000006 is an unknown value
RDI=0x0000000000000000 is an unknown value
R8 =0x00000007ac286590 is an oop
[F 
 - klass: {type array float}
 - length: 6
R9 =0x0000000000000000 is an unknown value
R10=0x0000000059bdab10 is an unknown value
R11=0x0000000000000000 is an unknown value
R12=0x0000000000000000 is an unknown value
R13=0x00000007ac286578 is an oop
[I 
 - klass: {type array int}
 - length: 2
R14=0x0000000019b4c828 is pointing into the stack for thread: 0x0000000014606800
R15=0x0000000014606800 is a thread


Stack: [0x0000000019a50000,0x0000000019b50000],  sp=0x0000000019b4c7f0,  free space=1009k
Native frames: (J=compiled Java code, j=interpreted, Vv=VM code, C=native code)
V  [jvm.dll+0x1bab60]

Java frames: (J=compiled Java code, j=interpreted, Vv=VM code)
v  ~RuntimeStub::_slow_arraycopy_Java
J  sun.font.GlyphLayout$GVData.createGlyphVector(Ljava/awt/Font;Ljava/awt/font/FontRenderContext;Lsun/font/StandardGlyphVector;)Lsun/font/StandardGlyphVector;
J  sun.font.GlyphLayout.layout(Ljava/awt/Font;Ljava/awt/font/FontRenderContext;[CIIILsun/font/StandardGlyphVector;)Lsun/font/StandardGlyphVector;
J  sun.font.ExtendedTextSourceLabel.createGV()Lsun/font/StandardGlyphVector;
J  sun.font.ExtendedTextSourceLabel.createCharinfo()[F
J  sun.font.ExtendedTextSourceLabel.getLineBreakIndex(IF)I
J  java.awt.font.TextMeasurer.calcLineBreak(IF)I
J  java.awt.font.TextMeasurer.getLineBreakIndex(IF)I
J  java.awt.font.LineBreakMeasurer.nextLayout(FIZ)Ljava/awt/font/TextLayout;
J  javax.swing.text.TextLayoutStrategy.sync(Ljavax/swing/text/FlowView;)V
j  javax.swing.text.TextLayoutStrategy.insertUpdate(Ljavax/swing/text/FlowView;Ljavax/swing/event/DocumentEvent;Ljava/awt/Rectangle;)V+2
J  javax.swing.plaf.basic.BasicTextAreaUI$PlainParagraph.setParent(Ljavax/swing/text/View;)V
J  javax.swing.text.CompositeView.replace(II[Ljavax/swing/text/View;)V
j  javax.swing.text.BoxView.replace(II[Ljavax/swing/text/View;)V+4
j  javax.swing.text.View.updateChildren(Ljavax/swing/event/DocumentEvent$ElementChange;Ljavax/swing/event/DocumentEvent;Ljavax/swing/text/ViewFactory;)Z+93
j  javax.swing.text.View.insertUpdate(Ljavax/swing/event/DocumentEvent;Ljava/awt/Shape;Ljavax/swing/text/ViewFactory;)V+33
j  javax.swing.plaf.basic.BasicTextUI$RootView.insertUpdate(Ljavax/swing/event/DocumentEvent;Ljava/awt/Shape;Ljavax/swing/text/ViewFactory;)V+14
j  javax.swing.plaf.basic.BasicTextUI$UpdateHandler.insertUpdate(Ljavax/swing/event/DocumentEvent;)V+101
j  javax.swing.text.AbstractDocument.fireInsertUpdate(Ljavax/swing/event/DocumentEvent;)V+40
j  javax.swing.text.AbstractDocument.handleInsertString(ILjava/lang/String;Ljavax/swing/text/AttributeSet;)V+150
j  javax.swing.text.AbstractDocument.insertString(ILjava/lang/String;Ljavax/swing/text/AttributeSet;)V+46
j  javax.swing.text.PlainDocument.insertString(ILjava/lang/String;Ljavax/swing/text/AttributeSet;)V+104
j  javax.swing.text.AbstractDocument.replace(IILjava/lang/String;Ljavax/swing/text/AttributeSet;)V+74
j  javax.swing.text.JTextComponent.setText(Ljava/lang/String;)V+25
j  wikibot.GUI.GUI$6.actionPerformed(Ljava/awt/event/ActionEvent;)V+61
j  javax.swing.AbstractButton.fireActionPerformed(Ljava/awt/event/ActionEvent;)V+84
j  javax.swing.AbstractButton$Handler.actionPerformed(Ljava/awt/event/ActionEvent;)V+5
j  javax.swing.DefaultButtonModel.fireActionPerformed(Ljava/awt/event/ActionEvent;)V+35
j  javax.swing.DefaultButtonModel.setPressed(Z)V+117
j  javax.swing.plaf.basic.BasicButtonListener.mouseReleased(Ljava/awt/event/MouseEvent;)V+35
j  java.awt.Component.processMouseEvent(Ljava/awt/event/MouseEvent;)V+64
j  javax.swing.JComponent.processMouseEvent(Ljava/awt/event/MouseEvent;)V+23
j  java.awt.Component.processEvent(Ljava/awt/AWTEvent;)V+81
j  java.awt.Container.processEvent(Ljava/awt/AWTEvent;)V+18
j  java.awt.Component.dispatchEventImpl(Ljava/awt/AWTEvent;)V+581
j  java.awt.Container.dispatchEventImpl(Ljava/awt/AWTEvent;)V+42
j  java.awt.Component.dispatchEvent(Ljava/awt/AWTEvent;)V+2
j  java.awt.LightweightDispatcher.retargetMouseEvent(Ljava/awt/Component;ILjava/awt/event/MouseEvent;)V+327
j  java.awt.LightweightDispatcher.processMouseEvent(Ljava/awt/event/MouseEvent;)Z+139
j  java.awt.LightweightDispatcher.dispatchEvent(Ljava/awt/AWTEvent;)Z+50
j  java.awt.Container.dispatchEventImpl(Ljava/awt/AWTEvent;)V+12
j  java.awt.Window.dispatchEventImpl(Ljava/awt/AWTEvent;)V+19
j  java.awt.Component.dispatchEvent(Ljava/awt/AWTEvent;)V+2
j  java.awt.EventQueue.dispatchEventImpl(Ljava/awt/AWTEvent;Ljava/lang/Object;)V+41
j  java.awt.EventQueue.access$200(Ljava/awt/EventQueue;Ljava/awt/AWTEvent;Ljava/lang/Object;)V+3
j  java.awt.EventQueue$3.run()Ljava/lang/Void;+12
j  java.awt.EventQueue$3.run()Ljava/lang/Object;+1
v  ~StubRoutines::call_stub
j  java.security.AccessController.doPrivileged(Ljava/security/PrivilegedAction;Ljava/security/AccessControlContext;)Ljava/lang/Object;+0
j  java.security.ProtectionDomain$1.doIntersectionPrivilege(Ljava/security/PrivilegedAction;Ljava/security/AccessControlContext;Ljava/security/AccessControlContext;)Ljava/lang/Object;+28
j  java.security.ProtectionDomain$1.doIntersectionPrivilege(Ljava/security/PrivilegedAction;Ljava/security/AccessControlContext;)Ljava/lang/Object;+6
j  java.awt.EventQueue$4.run()Ljava/lang/Void;+11
j  java.awt.EventQueue$4.run()Ljava/lang/Object;+1
v  ~StubRoutines::call_stub
j  java.security.AccessController.doPrivileged(Ljava/security/PrivilegedAction;Ljava/security/AccessControlContext;)Ljava/lang/Object;+0
j  java.security.ProtectionDomain$1.doIntersectionPrivilege(Ljava/security/PrivilegedAction;Ljava/security/AccessControlContext;Ljava/security/AccessControlContext;)Ljava/lang/Object;+28
j  java.awt.EventQueue.dispatchEvent(Ljava/awt/AWTEvent;)V+73
j  java.awt.EventDispatchThread.pumpOneEventForFilters(I)V+245
j  java.awt.EventDispatchThread.pumpEventsForFilter(ILjava/awt/Conditional;Ljava/awt/EventFilter;)V+35
j  java.awt.EventDispatchThread.pumpEventsForHierarchy(ILjava/awt/Conditional;Ljava/awt/Component;)V+11
j  java.awt.EventDispatchThread.pumpEvents(ILjava/awt/Conditional;)V+4
j  java.awt.EventDispatchThread.pumpEvents(Ljava/awt/Conditional;)V+3
j  java.awt.EventDispatchThread.run()V+9
v  ~StubRoutines::call_stub

---------------  P R O C E S S  ---------------

Java Threads: ( => current thread )
  0x000000001466a800 JavaThread "TimerQueue" daemon [_thread_blocked, id=3740, stack(0x000000001c670000,0x000000001c770000)]
  0x000000001464d000 JavaThread "D3D Screen Updater" daemon [_thread_blocked, id=12188, stack(0x000000001b210000,0x000000001b310000)]
  0x000000000219d000 JavaThread "DestroyJavaVM" [_thread_blocked, id=11840, stack(0x00000000024f0000,0x00000000025f0000)]
=>0x0000000014606800 JavaThread "AWT-EventQueue-0" [_thread_in_vm, id=9676, stack(0x0000000019a50000,0x0000000019b50000)]
  0x0000000014708000 JavaThread "AWT-Windows" daemon [_thread_in_native, id=11640, stack(0x0000000015750000,0x0000000015850000)]
  0x0000000014560800 JavaThread "AWT-Shutdown" [_thread_blocked, id=5604, stack(0x00000000155d0000,0x00000000156d0000)]
  0x000000001455f800 JavaThread "Java2D Disposer" daemon [_thread_blocked, id=2244, stack(0x0000000015450000,0x0000000015550000)]
  0x000000001342c000 JavaThread "Service Thread" daemon [_thread_blocked, id=6776, stack(0x0000000013fe0000,0x00000000140e0000)]
  0x0000000013427800 JavaThread "C2 CompilerThread1" daemon [_thread_blocked, id=11316, stack(0x0000000013de0000,0x0000000013ee0000)]
  0x0000000013420800 JavaThread "C2 CompilerThread0" daemon [_thread_blocked, id=11952, stack(0x0000000013840000,0x0000000013940000)]
  0x000000001341f800 JavaThread "Attach Listener" daemon [_thread_blocked, id=11660, stack(0x0000000013b10000,0x0000000013c10000)]
  0x000000001341e800 JavaThread "Signal Dispatcher" daemon [_thread_blocked, id=8644, stack(0x00000000139c0000,0x0000000013ac0000)]
  0x000000001152b000 JavaThread "Finalizer" daemon [_thread_blocked, id=10396, stack(0x00000000131c0000,0x00000000132c0000)]
  0x0000000011523000 JavaThread "Reference Handler" daemon [_thread_blocked, id=8404, stack(0x00000000132d0000,0x00000000133d0000)]

Other Threads:
  0x000000001151b800 VMThread [stack: 0x0000000013090000,0x0000000013190000] [id=7312]
  0x0000000013441000 WatcherThread [stack: 0x00000000141c0000,0x00000000142c0000] [id=7668]

VM state:not at safepoint (normal execution)

VM Mutex/Monitor currently owned by a thread: None

Heap
 PSYoungGen      total 62592K, used 22159K [0x00000007aaeb0000, 0x00000007b0600000, 0x0000000800000000)
  eden space 60736K, 33% used [0x00000007aaeb0000,0x00000007ac287ca8,0x00000007aea00000)
  from space 1856K, 99% used [0x00000007aeb70000,0x00000007aed3c110,0x00000007aed40000)
  to   space 14336K, 0% used [0x00000007af800000,0x00000007af800000,0x00000007b0600000)
 ParOldGen       total 174208K, used 7400K [0x0000000700c00000, 0x000000070b620000, 0x00000007aaeb0000)
  object space 174208K, 4% used [0x0000000700c00000,0x000000070133a238,0x000000070b620000)
 PSPermGen       total 21248K, used 16829K [0x00000006fba00000, 0x00000006fcec0000, 0x0000000700c00000)
  object space 21248K, 79% used [0x00000006fba00000,0x00000006fca6f690,0x00000006fcec0000)

Card table byte_map: [0x00000000055f0000,0x0000000005e20000] byte_map_base: 0x0000000001e13000

Polling page: 0x0000000001b60000

Code Cache  [0x00000000025f0000, 0x00000000028b0000, 0x00000000055f0000)
 total_blobs=1332 nmethods=834 adapters=448 free_code_cache=46430Kb largest_free_block=47492416

Compilation events (10 events):
Event: 38.496 Thread 0x0000000013427800  861             sun.text.bidi.BidiBase::getRunLimit (92 bytes)
Event: 38.496 Thread 0x0000000013420800  862             sun.text.bidi.BidiBase::getRunLevel (50 bytes)
Event: 38.515 Thread 0x0000000013420800 nmethod 862 0x000000000289c650 code [0x000000000289c7e0, 0x000000000289ce68]
Event: 38.517 Thread 0x0000000013427800 nmethod 861 0x00000000028a4350 code [0x00000000028a44e0, 0x00000000028a4c28]
Event: 38.525 Thread 0x0000000013420800  863             java.awt.Component::getFont (5 bytes)
Event: 38.527 Thread 0x0000000013420800 nmethod 863 0x0000000002891b50 code [0x0000000002891ca0, 0x0000000002891d68]
Event: 38.534 Thread 0x0000000013427800  864             sun.java2d.pipe.RenderBuffer::put (91 bytes)
Event: 38.536 Thread 0x0000000013427800 nmethod 864 0x0000000002894c90 code [0x0000000002894dc0, 0x0000000002894f18]
Event: 40.832 Thread 0x0000000013420800  865             sun.java2d.pipe.Region::dimAdd (20 bytes)
Event: 40.832 Thread 0x0000000013420800 nmethod 865 0x00000000028a0bd0 code [0x00000000028a0d00, 0x00000000028a0d58]

GC Heap History (10 events):
Event: 11.488 GC heap before
{Heap before GC invocations=3 (full 0):
 PSYoungGen      total 76224K, used 75016K [0x00000007aaeb0000, 0x00000007b03c0000, 0x0000000800000000)
  eden space 65344K, 100% used [0x00000007aaeb0000,0x00000007aee80000,0x00000007aee80000)
  from space 10880K, 88% used [0x00000007af920000,0x00000007b02923c0,0x00000007b03c0000)
  to   space 10880K, 0% used [0x00000007aee80000,0x00000007aee80000,0x00000007af920000)
 ParOldGen       total 174208K, used 2404K [0x0000000700c00000, 0x000000070b620000, 0x00000007aaeb0000)
  object space 174208K, 1% used [0x0000000700c00000,0x0000000700e59330,0x000000070b620000)
 PSPermGen       total 21248K, used 16693K [0x00000006fba00000, 0x00000006fcec0000, 0x0000000700c00000)
  object space 21248K, 78% used [0x00000006fba00000,0x00000006fca4d430,0x00000006fcec0000)
Event: 11.497 GC heap after
Heap after GC invocations=3 (full 0):
 PSYoungGen      total 76224K, used 5784K [0x00000007aaeb0000, 0x00000007b03c0000, 0x0000000800000000)
  eden space 65344K, 0% used [0x00000007aaeb0000,0x00000007aaeb0000,0x00000007aee80000)
  from space 10880K, 53% used [0x00000007aee80000,0x00000007af4263d0,0x00000007af920000)
  to   space 10880K, 0% used [0x00000007af920000,0x00000007af920000,0x00000007b03c0000)
 ParOldGen       total 174208K, used 2412K [0x0000000700c00000, 0x000000070b620000, 0x00000007aaeb0000)
  object space 174208K, 1% used [0x0000000700c00000,0x0000000700e5b330,0x000000070b620000)
 PSPermGen       total 21248K, used 16693K [0x00000006fba00000, 0x00000006fcec0000, 0x0000000700c00000)
  object space 21248K, 78% used [0x00000006fba00000,0x00000006fca4d430,0x00000006fcec0000)
}
Event: 13.345 GC heap before
{Heap before GC invocations=4 (full 0):
 PSYoungGen      total 76224K, used 71128K [0x00000007aaeb0000, 0x00000007b03c0000, 0x0000000800000000)
  eden space 65344K, 100% used [0x00000007aaeb0000,0x00000007aee80000,0x00000007aee80000)
  from space 10880K, 53% used [0x00000007aee80000,0x00000007af4263d0,0x00000007af920000)
  to   space 10880K, 0% used [0x00000007af920000,0x00000007af920000,0x00000007b03c0000)
 ParOldGen       total 174208K, used 2412K [0x0000000700c00000, 0x000000070b620000, 0x00000007aaeb0000)
  object space 174208K, 1% used [0x0000000700c00000,0x0000000700e5b330,0x000000070b620000)
 PSPermGen       total 21248K, used 16746K [0x00000006fba00000, 0x00000006fcec0000, 0x0000000700c00000)
  object space 21248K, 78% used [0x00000006fba00000,0x00000006fca5ab20,0x00000006fcec0000)
Event: 13.355 GC heap after
Heap after GC invocations=4 (full 0):
 PSYoungGen      total 76224K, used 6414K [0x00000007aaeb0000, 0x00000007b03c0000, 0x0000000800000000)
  eden space 65344K, 0% used [0x00000007aaeb0000,0x00000007aaeb0000,0x00000007aee80000)
  from space 10880K, 58% used [0x00000007af920000,0x00000007aff63be0,0x00000007b03c0000)
  to   space 10880K, 0% used [0x00000007aee80000,0x00000007aee80000,0x00000007af920000)
 ParOldGen       total 174208K, used 2420K [0x0000000700c00000, 0x000000070b620000, 0x00000007aaeb0000)
  object space 174208K, 1% used [0x0000000700c00000,0x0000000700e5d330,0x000000070b620000)
 PSPermGen       total 21248K, used 16746K [0x00000006fba00000, 0x00000006fcec0000, 0x0000000700c00000)
  object space 21248K, 78% used [0x00000006fba00000,0x00000006fca5ab20,0x00000006fcec0000)
}
Event: 18.033 GC heap before
{Heap before GC invocations=5 (full 0):
 PSYoungGen      total 76224K, used 71758K [0x00000007aaeb0000, 0x00000007b03c0000, 0x0000000800000000)
  eden space 65344K, 100% used [0x00000007aaeb0000,0x00000007aee80000,0x00000007aee80000)
  from space 10880K, 58% used [0x00000007af920000,0x00000007aff63be0,0x00000007b03c0000)
  to   space 10880K, 0% used [0x00000007aee80000,0x00000007aee80000,0x00000007af920000)
 ParOldGen       total 174208K, used 2420K [0x0000000700c00000, 0x000000070b620000, 0x00000007aaeb0000)
  object space 174208K, 1% used [0x0000000700c00000,0x0000000700e5d330,0x000000070b620000)
 PSPermGen       total 21248K, used 16789K [0x00000006fba00000, 0x00000006fcec0000, 0x0000000700c00000)
  object space 21248K, 79% used [0x00000006fba00000,0x00000006fca65478,0x00000006fcec0000)
Event: 18.054 GC heap after
Heap after GC invocations=5 (full 0):
 PSYoungGen      total 74624K, used 6784K [0x00000007aaeb0000, 0x00000007b08b0000, 0x0000000800000000)
  eden space 63744K, 0% used [0x00000007aaeb0000,0x00000007aaeb0000,0x00000007aecf0000)
  from space 10880K, 62% used [0x00000007aee80000,0x00000007af520368,0x00000007af920000)
  to   space 14208K, 0% used [0x00000007afad0000,0x00000007afad0000,0x00000007b08b0000)
 ParOldGen       total 174208K, used 2428K [0x0000000700c00000, 0x000000070b620000, 0x00000007aaeb0000)
  object space 174208K, 1% used [0x0000000700c00000,0x0000000700e5f330,0x000000070b620000)
 PSPermGen       total 21248K, used 16789K [0x00000006fba00000, 0x00000006fcec0000, 0x0000000700c00000)
  object space 21248K, 79% used [0x00000006fba00000,0x00000006fca65478,0x00000006fcec0000)
}
Event: 20.424 GC heap before
{Heap before GC invocations=6 (full 0):
 PSYoungGen      total 74624K, used 70528K [0x00000007aaeb0000, 0x00000007b08b0000, 0x0000000800000000)
  eden space 63744K, 100% used [0x00000007aaeb0000,0x00000007aecf0000,0x00000007aecf0000)
  from space 10880K, 62% used [0x00000007aee80000,0x00000007af520368,0x00000007af920000)
  to   space 14208K, 0% used [0x00000007afad0000,0x00000007afad0000,0x00000007b08b0000)
 ParOldGen       total 174208K, used 2428K [0x0000000700c00000, 0x000000070b620000, 0x00000007aaeb0000)
  object space 174208K, 1% used [0x0000000700c00000,0x0000000700e5f330,0x000000070b620000)
 PSPermGen       total 21248K, used 16795K [0x00000006fba00000, 0x00000006fcec0000, 0x0000000700c00000)
  object space 21248K, 79% used [0x00000006fba00000,0x00000006fca66fe0,0x00000006fcec0000)
Event: 20.433 GC heap after
Heap after GC invocations=6 (full 0):
 PSYoungGen      total 73600K, used 8931K [0x00000007aaeb0000, 0x00000007b05f0000, 0x0000000800000000)
  eden space 62208K, 0% used [0x00000007aaeb0000,0x00000007aaeb0000,0x00000007aeb70000)
  from space 11392K, 78% used [0x00000007afad0000,0x00000007b0388f08,0x00000007b05f0000)
  to   space 13568K, 0% used [0x00000007aeb70000,0x00000007aeb70000,0x00000007af8b0000)
 ParOldGen       total 174208K, used 2436K [0x0000000700c00000, 0x000000070b620000, 0x00000007aaeb0000)
  object space 174208K, 1% used [0x0000000700c00000,0x0000000700e61330,0x000000070b620000)
 PSPermGen       total 21248K, used 16795K [0x00000006fba00000, 0x00000006fcec0000, 0x0000000700c00000)
  object space 21248K, 79% used [0x00000006fba00000,0x00000006fca66fe0,0x00000006fcec0000)
}
Event: 25.471 GC heap before
{Heap before GC invocations=7 (full 0):
 PSYoungGen      total 73600K, used 71139K [0x00000007aaeb0000, 0x00000007b05f0000, 0x0000000800000000)
  eden space 62208K, 100% used [0x00000007aaeb0000,0x00000007aeb70000,0x00000007aeb70000)
  from space 11392K, 78% used [0x00000007afad0000,0x00000007b0388f08,0x00000007b05f0000)
  to   space 13568K, 0% used [0x00000007aeb70000,0x00000007aeb70000,0x00000007af8b0000)
 ParOldGen       total 174208K, used 2436K [0x0000000700c00000, 0x000000070b620000, 0x00000007aaeb0000)
  object space 174208K, 1% used [0x0000000700c00000,0x0000000700e61330,0x000000070b620000)
 PSPermGen       total 21248K, used 16822K [0x00000006fba00000, 0x00000006fcec0000, 0x0000000700c00000)
  object space 21248K, 79% used [0x00000006fba00000,0x00000006fca6db70,0x00000006fcec0000)
Event: 25.487 GC heap after
Heap after GC invocations=7 (full 0):
 PSYoungGen      total 62592K, used 1840K [0x00000007aaeb0000, 0x00000007b0600000, 0x0000000800000000)
  eden space 60736K, 0% used [0x00000007aaeb0000,0x00000007aaeb0000,0x00000007aea00000)
  from space 1856K, 99% used [0x00000007aeb70000,0x00000007aed3c110,0x00000007aed40000)
  to   space 14336K, 0% used [0x00000007af800000,0x00000007af800000,0x00000007b0600000)
 ParOldGen       total 174208K, used 7400K [0x0000000700c00000, 0x000000070b620000, 0x00000007aaeb0000)
  object space 174208K, 4% used [0x0000000700c00000,0x000000070133a238,0x000000070b620000)
 PSPermGen       total 21248K, used 16822K [0x00000006fba00000, 0x00000006fcec0000, 0x0000000700c00000)
  object space 21248K, 79% used [0x00000006fba00000,0x00000006fca6db70,0x00000006fcec0000)
}

Deoptimization events (10 events):
Event: 10.507 Thread 0x0000000014606800 Uncommon trap -34 fr.pc 0x00000000026efe00
Event: 10.585 Thread 0x0000000014606800 Uncommon trap -34 fr.pc 0x0000000002752958
Event: 10.805 Thread 0x0000000014606800 Uncommon trap -58 fr.pc 0x00000000026bc410
Event: 10.805 Thread 0x0000000014606800 Uncommon trap -58 fr.pc 0x00000000026bc410
Event: 10.805 Thread 0x0000000014606800 Uncommon trap -58 fr.pc 0x00000000026bc410
Event: 10.805 Thread 0x0000000014606800 Uncommon trap -58 fr.pc 0x00000000026bc410
Event: 11.380 Thread 0x0000000014606800 Uncommon trap -34 fr.pc 0x0000000002823378
Event: 11.380 Thread 0x0000000014606800 Uncommon trap -34 fr.pc 0x0000000002823378
Event: 11.380 Thread 0x0000000014606800 Uncommon trap -34 fr.pc 0x0000000002823378
Event: 11.380 Thread 0x0000000014606800 Uncommon trap -34 fr.pc 0x0000000002823378

Internal exceptions (10 events):
Event: 5.705 Thread 0x0000000014606800 Threw 0x00000007ac81d100 at C:\jdk7u2_64p\jdk7u25\hotspot\src\share\vm\prims\jvm.cpp:1235
Event: 5.707 Thread 0x0000000014606800 Threw 0x00000007ac81fa40 at C:\jdk7u2_64p\jdk7u25\hotspot\src\share\vm\prims\jvm.cpp:1235
Event: 5.710 Thread 0x0000000014606800 Threw 0x00000007ac8247e8 at C:\jdk7u2_64p\jdk7u25\hotspot\src\share\vm\prims\jvm.cpp:1235
Event: 5.809 Thread 0x0000000014606800 Threw 0x00000007ad0b5888 at C:\jdk7u2_64p\jdk7u25\hotspot\src\share\vm\prims\jvm.cpp:1235
Event: 5.809 Thread 0x0000000014606800 Threw 0x00000007ad0b79d8 at C:\jdk7u2_64p\jdk7u25\hotspot\src\share\vm\prims\jvm.cpp:1235
Event: 5.810 Thread 0x0000000014606800 Threw 0x00000007ad0ba890 at C:\jdk7u2_64p\jdk7u25\hotspot\src\share\vm\prims\jvm.cpp:1235
Event: 5.810 Thread 0x0000000014606800 Threw 0x00000007ad0bcae0 at C:\jdk7u2_64p\jdk7u25\hotspot\src\share\vm\prims\jvm.cpp:1235
Event: 6.103 Thread 0x0000000014606800 Implicit null exception at 0x00000000026eb8eb to 0x00000000026ebc61
Event: 6.610 Thread 0x0000000014606800 Implicit null exception at 0x000000000275cb2c to 0x000000000275de85
Event: 8.685 Thread 0x0000000014606800 Implicit null exception at 0x0000000002792b92 to 0x0000000002793449

Events (10 events):
Event: 15.217 Thread 0x0000000013427800 flushing nmethod 0x0000000002751150
Event: 15.427 Thread 0x0000000013420800 flushing nmethod 0x0000000002823110
Event: 18.033 Executing VM operation: ParallelGCFailedAllocation
Event: 18.054 Executing VM operation: ParallelGCFailedAllocation done
Event: 18.553 loading class 0x000000001152ed90
Event: 18.553 loading class 0x000000001152ed90 done
Event: 20.424 Executing VM operation: ParallelGCFailedAllocation
Event: 20.433 Executing VM operation: ParallelGCFailedAllocation done
Event: 25.471 Executing VM operation: ParallelGCFailedAllocation
Event: 25.487 Executing VM operation: ParallelGCFailedAllocation done


Dynamic libraries:
0x000000013f2f0000 - 0x000000013f323000 	C:\Program Files\Java\jdk1.7.0_25\bin\java.exe
0x00000000770f0000 - 0x0000000077299000 	C:\Windows\SYSTEM32\ntdll.dll
0x0000000076fd0000 - 0x00000000770ef000 	C:\Windows\system32\kernel32.dll
0x000007fefc250000 - 0x000007fefc2bc000 	C:\Windows\system32\KERNELBASE.dll
0x000007fefca10000 - 0x000007fefcaeb000 	C:\Windows\system32\ADVAPI32.dll
0x000007fefcba0000 - 0x000007fefcc3f000 	C:\Windows\system32\msvcrt.dll
0x000007fefe260000 - 0x000007fefe27f000 	C:\Windows\SYSTEM32\sechost.dll
0x000007fefd180000 - 0x000007fefd2ad000 	C:\Windows\system32\RPCRT4.dll
0x0000000076ed0000 - 0x0000000076fca000 	C:\Windows\system32\USER32.dll
0x000007fefe150000 - 0x000007fefe1b7000 	C:\Windows\system32\GDI32.dll
0x000007fefcb90000 - 0x000007fefcb9e000 	C:\Windows\system32\LPK.dll
0x000007fefc920000 - 0x000007fefc9e9000 	C:\Windows\system32\USP10.dll
0x000007fefa910000 - 0x000007fefab04000 	C:\Windows\WinSxS\amd64_microsoft.windows.common-controls_6595b64144ccf1df_6.0.7601.18837_none_fa3b1e3d17594757\COMCTL32.dll
0x000007fefc7c0000 - 0x000007fefc831000 	C:\Windows\system32\SHLWAPI.dll
0x000007fefc8f0000 - 0x000007fefc91e000 	C:\Windows\system32\IMM32.DLL
0x000007fefd2b0000 - 0x000007fefd3b9000 	C:\Windows\system32\MSCTF.dll
0x000000005d930000 - 0x000000005da01000 	C:\Program Files\Java\jdk1.7.0_25\jre\bin\msvcr100.dll
0x0000000059a20000 - 0x000000005a12f000 	C:\Program Files\Java\jdk1.7.0_25\jre\bin\server\jvm.dll
0x000007fef88e0000 - 0x000007fef88e9000 	C:\Windows\system32\WSOCK32.dll
0x000007fefc8a0000 - 0x000007fefc8ed000 	C:\Windows\system32\WS2_32.dll
0x000007fefc2c0000 - 0x000007fefc2c8000 	C:\Windows\system32\NSI.dll
0x000007fef9ad0000 - 0x000007fef9b0b000 	C:\Windows\system32\WINMM.dll
0x00000000772b0000 - 0x00000000772b7000 	C:\Windows\system32\PSAPI.DLL
0x000000006ce90000 - 0x000000006ce9f000 	C:\Program Files\Java\jdk1.7.0_25\jre\bin\verify.dll
0x0000000067010000 - 0x0000000067038000 	C:\Program Files\Java\jdk1.7.0_25\jre\bin\java.dll
0x0000000066f20000 - 0x0000000066f35000 	C:\Program Files\Java\jdk1.7.0_25\jre\bin\zip.dll
0x0000000066d30000 - 0x0000000066d54000 	C:\Program Files\Java\jdk1.7.0_25\jre\bin\sunec.dll
0x0000000066d20000 - 0x0000000066d2b000 	C:\Program Files\Java\jdk1.7.0_25\jre\bin\sunmscapi.dll
0x000007fefbf90000 - 0x000007fefc0fd000 	C:\Windows\system32\CRYPT32.dll
0x000007fefbf00000 - 0x000007fefbf0f000 	C:\Windows\system32\MSASN1.dll
0x000007fefb740000 - 0x000007fefb758000 	C:\Windows\system32\CRYPTSP.dll
0x000007fefb440000 - 0x000007fefb487000 	C:\Windows\system32\rsaenh.dll
0x000007fefc1a0000 - 0x000007fefc1be000 	C:\Windows\system32\USERENV.dll
0x000007fefbf10000 - 0x000007fefbf1f000 	C:\Windows\system32\profapi.dll
0x000007fefbda0000 - 0x000007fefbdaf000 	C:\Windows\system32\CRYPTBASE.dll
0x0000000066f00000 - 0x0000000066f19000 	C:\Program Files\Java\jdk1.7.0_25\jre\bin\net.dll
0x000007fefb6e0000 - 0x000007fefb735000 	C:\Windows\system32\mswsock.dll
0x000007fefb6d0000 - 0x000007fefb6d7000 	C:\Windows\System32\wship6.dll
0x000007fef9760000 - 0x000007fef9775000 	C:\Windows\system32\NLAapi.dll
0x000007fef6b90000 - 0x000007fef6ba5000 	C:\Windows\system32\napinsp.dll
0x000007fef6b70000 - 0x000007fef6b89000 	C:\Windows\system32\pnrpnsp.dll
0x0000000071110000 - 0x0000000071136000 	C:\Program Files\Bonjour\mdnsNSP.dll
0x000007fef9150000 - 0x000007fef9177000 	C:\Windows\system32\Iphlpapi.DLL
0x000007fef9140000 - 0x000007fef914b000 	C:\Windows\system32\WINNSI.DLL
0x000007fefb560000 - 0x000007fefb5bb000 	C:\Windows\system32\DNSAPI.dll
0x000007fef6b40000 - 0x000007fef6b4b000 	C:\Windows\System32\winrnr.dll
0x000007fefb0c0000 - 0x000007fefb0c7000 	C:\Windows\System32\wshtcpip.dll
0x000007fef7500000 - 0x000007fef7508000 	C:\Windows\system32\rasadhlp.dll
0x000007fef8fe0000 - 0x000007fef9033000 	C:\Windows\System32\fwpuclnt.dll
0x0000000066ee0000 - 0x0000000066ef1000 	C:\Program Files\Java\jdk1.7.0_25\jre\bin\nio.dll
0x000000005d790000 - 0x000000005d925000 	C:\Program Files\Java\jdk1.7.0_25\jre\bin\awt.dll
0x000007fefcdd0000 - 0x000007fefcea7000 	C:\Windows\system32\OLEAUT32.dll
0x000007fefc2d0000 - 0x000007fefc4d3000 	C:\Windows\system32\ole32.dll
0x000007fefa0c0000 - 0x000007fefa0d8000 	C:\Windows\system32\DWMAPI.DLL
0x000007fefa5c0000 - 0x000007fefa616000 	C:\Windows\system32\uxtheme.dll
0x000007fee5350000 - 0x000007fee554f000 	C:\Windows\system32\d3d9.dll
0x000007fefafa0000 - 0x000007fefafac000 	C:\Windows\system32\VERSION.dll
0x000007fee5340000 - 0x000007fee5347000 	C:\Windows\system32\d3d8thk.dll
0x000007fef51d0000 - 0x000007fef52ec000 	C:\Windows\system32\aticfx64.dll
0x000007fee5320000 - 0x000007fee5340000 	C:\Windows\system32\atiu9p64.dll
0x000007fee3e10000 - 0x000007fee44c7000 	C:\Windows\system32\atiumd64.dll
0x000000006c7c0000 - 0x000000006cc8d000 	C:\Windows\system32\atiumd6a.dll
0x000007fefd3c0000 - 0x000007fefe149000 	C:\Windows\system32\SHELL32.dll
0x0000000066db0000 - 0x0000000066def000 	C:\Program Files\Java\jdk1.7.0_25\jre\bin\fontmanager.dll
0x0000000066d60000 - 0x0000000066da1000 	C:\Program Files\Java\jdk1.7.0_25\jre\bin\t2k.dll
0x000007fefcaf0000 - 0x000007fefcb89000 	C:\Windows\system32\CLBCatQ.DLL
0x000007fef9f10000 - 0x000007fefa071000 	C:\Windows\system32\WindowsCodecs.dll
0x000007fefbd40000 - 0x000007fefbd97000 	C:\Windows\system32\apphelp.dll
0x000007fefab60000 - 0x000007fefac20000 	C:\Program Files (x86)\Google\Drive\googledrivesync64.dll
0x000000006f470000 - 0x000000006f543000 	C:\Program Files (x86)\Google\Drive\Microsoft.VC90.CRT\MSVCP90.dll
0x000000006f3c0000 - 0x000000006f463000 	C:\Program Files (x86)\Google\Drive\Microsoft.VC90.CRT\MSVCR90.dll
0x000007fef4ee0000 - 0x000007fef4f15000 	C:\Windows\system32\EhStorShell.dll
0x000007fefe280000 - 0x000007fefe457000 	C:\Windows\system32\SETUPAPI.dll
0x000007fefc1f0000 - 0x000007fefc226000 	C:\Windows\system32\CFGMGR32.dll
0x000007fefc1d0000 - 0x000007fefc1ea000 	C:\Windows\system32\DEVOBJ.dll
0x000007fefa790000 - 0x000007fefa8bc000 	C:\Windows\system32\PROPSYS.dll
0x000007fef3c60000 - 0x000007fef42d2000 	C:\PROGRA~1\MICROS~2\Office14\GROOVEEX.DLL
0x0000000071250000 - 0x00000000712ed000 	C:\Windows\WinSxS\amd64_microsoft.vc90.crt_1fc8b3b9a1e18e3b_9.0.30729.4940_none_08e4299fa83d7e3c\MSVCR90.dll
0x00000000712f0000 - 0x00000000713c3000 	C:\Windows\WinSxS\amd64_microsoft.vc90.crt_1fc8b3b9a1e18e3b_9.0.30729.4940_none_08e4299fa83d7e3c\MSVCP90.dll
0x000000006f390000 - 0x000000006f3bf000 	C:\Windows\WinSxS\amd64_microsoft.vc90.atl_1fc8b3b9a1e18e3b_9.0.30729.4148_none_0a1d2fcba76b3f00\ATL90.DLL
0x000007fef3850000 - 0x000007fef3c5f000 	C:\PROGRA~1\COMMON~1\MICROS~1\OFFICE14\Cultures\office.odf
0x000007fef2fe0000 - 0x000007fef3844000 	C:\PROGRA~1\MICROS~2\Office14\1033\GrooveIntlResource.dll
0x000007fef53e0000 - 0x000007fef545e000 	C:\Windows\System32\cscui.dll
0x000007fef54f0000 - 0x000007fef54fc000 	C:\Windows\System32\CSCDLL.dll
0x000007fef54e0000 - 0x000007fef54ef000 	C:\Windows\system32\CSCAPI.dll
0x000007fef4ff0000 - 0x000007fef5070000 	C:\Windows\system32\ntshrui.dll
0x000007fefbaa0000 - 0x000007fefbac3000 	C:\Windows\system32\srvcli.dll
0x000007fef9630000 - 0x000007fef963b000 	C:\Windows\system32\slc.dll
0x000007fef6a00000 - 0x000007fef6b25000 	C:\Windows\system32\dbghelp.dll

VM Arguments:
jvm_args: -Dfile.encoding=UTF-8 
java_command: wikibot.WikiBot
Launcher Type: SUN_STANDARD

Environment Variables:
PATH=C:\ProgramData\Oracle\Java\javapath;C:\Program Files (x86)\AMD APP\bin\x86_64;C:\Program Files (x86)\AMD APP\bin\x86;C:\Windows\system32;C:\Windows;C:\Windows\System32\Wbem;C:\Windows\System32\WindowsPowerShell\v1.0\;C:\Program Files (x86)\ATI Technologies\ATI.ACE\Core-Static;C:\Program Files\Calibre2\
USERNAME=Dave
OS=Windows_NT
PROCESSOR_IDENTIFIER=AMD64 Family 21 Model 2 Stepping 0, AuthenticAMD



---------------  S Y S T E M  ---------------

OS: Windows 7 , 64 bit Build 7601 Service Pack 1

CPU:total 8 (8 cores per cpu, 1 threads per core) family 21 model 2 stepping 0, cmov, cx8, fxsr, mmx, sse, sse2, sse3, ssse3, sse4.1, sse4.2, popcnt, avx, mmxext, 3dnowpref, lzcnt, sse4a, tsc, tscinvbit, tscinv

Memory: 4k page, physical 16720156k(10594852k free), swap 33438472k(25035024k free)

vm_info: Java HotSpot(TM) 64-Bit Server VM (23.25-b01) for windows-amd64 JRE (1.7.0_25-b17), built on Jun 21 2013 12:58:32 by "java_re" with unknown MS VC++:1600

time: Sat Mar 19 16:38:07 2016
elapsed time: 46 seconds

