#
# A fatal error has been detected by the Java Runtime Environment:
#
#  EXCEPTION_ACCESS_VIOLATION (0xc0000005) at pc=0x0000000059bdab60, pid=11996, tid=12112
#
# JRE version: 7.0_25-b17
# Java VM: Java HotSpot(TM) 64-Bit Server VM (23.25-b01 mixed mode windows-amd64 compressed oops)
# Problematic frame:
# V  [jvm.dll+0x1bab60]
#
# Failed to write core dump. Minidumps are not enabled by default on client versions of Windows
#
# If you would like to submit a bug report, please visit:
#   http://bugreport.sun.com/bugreport/crash.jsp
#

---------------  T H R E A D  ---------------

Current thread (0x000000001382e800):  JavaThread "AWT-EventQueue-0" [_thread_in_vm, id=12112, stack(0x0000000019820000,0x0000000019920000)]

siginfo: ExceptionCode=0xc0000005, reading address 0x0000000218d00010

Registers:
RAX=0x0000000218d00000, RBX=0x000000001382e800, RCX=0x0000000000000003, RDX=0x00000007af83b9c8
RSP=0x000000001991cf30, RBP=0x00000007ae1eacd0, RSI=0x0000000000000006, RDI=0x0000000000000000
R8 =0x00000007ae1eacd0, R9 =0x0000000000000000, R10=0x0000000059bdab10, R11=0x0000000000000000
R12=0x0000000000000000, R13=0x00000007ae1eacb8, R14=0x000000001991cf68, R15=0x000000001382e800
RIP=0x0000000059bdab60, EFLAGS=0x0000000000010206

Top of Stack: (sp=0x000000001991cf30)
0x000000001991cf30:   000000001371e830 0000000700d98000
0x000000001991cf40:   0000000700da3db8 0000000700fff320
0x000000001991cf50:   0000000700000001 0000000700fff2b0
0x000000001991cf60:   00000007ae1e9e58 0000000700c0e5b0
0x000000001991cf70:   0000000000000000 0000000002572095
0x000000001991cf80:   0000000000000002 000000000272d1a8
0x000000001991cf90:   0000000700000022 0000000700000025
0x000000001991cfa0:   0000000000000006 000000001382e800
0x000000001991cfb0:   00000007ae1eacd0 0000000002608838
0x000000001991cfc0:   0000000000000000 0000000700fff298
0x000000001991cfd0:   0000000700ffe5c0 0000000000000800
0x000000001991cfe0:   0000000000000000 0000000700d5bb28
0x000000001991cff0:   0000000700d5bcb0 0000000200000001
0x000000001991d000:   0000001900000025 0000000700da3db8
0x000000001991d010:   00000007ae1eacb8 0000000700de8e98
0x000000001991d020:   f5c3d3cb00fff1d8 0000000700ffe5c0 

Instructions: (pc=0x0000000059bdab60)
0x0000000059bdab40:   53 22 4e 00 00 74 15 8b 41 08 8b 0d c8 09 49 00
0x0000000059bdab50:   48 d3 e0 48 03 05 b6 09 49 00 eb 04 48 8b 41 08
0x0000000059bdab60:   4c 8b 50 10 48 8d 48 10 8b 44 24 70 48 89 5c 24
0x0000000059bdab70:   30 89 44 24 28 44 89 4c 24 20 4d 8b c8 45 8b c3 


Register to memory mapping:

RAX=0x0000000218d00000 is an unknown value
RBX=0x000000001382e800 is a thread
RCX=0x0000000000000003 is an unknown value
RDX=0x00000007af83b9c8 is an unknown value
RSP=0x000000001991cf30 is pointing into the stack for thread: 0x000000001382e800
RBP=0x00000007ae1eacd0 is an oop
[F 
 - klass: {type array float}
 - length: 6
RSI=0x0000000000000006 is an unknown value
RDI=0x0000000000000000 is an unknown value
R8 =0x00000007ae1eacd0 is an oop
[F 
 - klass: {type array float}
 - length: 6
R9 =0x0000000000000000 is an unknown value
R10=0x0000000059bdab10 is an unknown value
R11=0x0000000000000000 is an unknown value
R12=0x0000000000000000 is an unknown value
R13=0x00000007ae1eacb8 is an oop
[I 
 - klass: {type array int}
 - length: 2
R14=0x000000001991cf68 is pointing into the stack for thread: 0x000000001382e800
R15=0x000000001382e800 is a thread


Stack: [0x0000000019820000,0x0000000019920000],  sp=0x000000001991cf30,  free space=1011k
Native frames: (J=compiled Java code, j=interpreted, Vv=VM code, C=native code)
V  [jvm.dll+0x1bab60]

Java frames: (J=compiled Java code, j=interpreted, Vv=VM code)
v  ~RuntimeStub::_slow_arraycopy_Java
J  sun.font.GlyphLayout$GVData.createGlyphVector(Ljava/awt/Font;Ljava/awt/font/FontRenderContext;Lsun/font/StandardGlyphVector;)Lsun/font/StandardGlyphVector;
J  sun.font.GlyphLayout.layout(Ljava/awt/Font;Ljava/awt/font/FontRenderContext;[CIIILsun/font/StandardGlyphVector;)Lsun/font/StandardGlyphVector;
J  sun.font.ExtendedTextSourceLabel.createGV()Lsun/font/StandardGlyphVector;
J  sun.font.ExtendedTextSourceLabel.createCharinfo()[F
J  sun.font.ExtendedTextSourceLabel.getLineBreakIndex(IF)I
J  java.awt.font.TextMeasurer.calcLineBreak(IF)I
J  java.awt.font.TextMeasurer.getLineBreakIndex(IF)I
J  java.awt.font.LineBreakMeasurer.nextLayout(FIZ)Ljava/awt/font/TextLayout;
J  javax.swing.text.TextLayoutStrategy.sync(Ljavax/swing/text/FlowView;)V
J  javax.swing.plaf.basic.BasicTextAreaUI$PlainParagraph.setParent(Ljavax/swing/text/View;)V
J  javax.swing.text.CompositeView.replace(II[Ljavax/swing/text/View;)V
J  javax.swing.text.BoxView.replace(II[Ljavax/swing/text/View;)V
j  javax.swing.text.View.updateChildren(Ljavax/swing/event/DocumentEvent$ElementChange;Ljavax/swing/event/DocumentEvent;Ljavax/swing/text/ViewFactory;)Z+93
j  javax.swing.text.View.insertUpdate(Ljavax/swing/event/DocumentEvent;Ljava/awt/Shape;Ljavax/swing/text/ViewFactory;)V+33
j  javax.swing.plaf.basic.BasicTextUI$RootView.insertUpdate(Ljavax/swing/event/DocumentEvent;Ljava/awt/Shape;Ljavax/swing/text/ViewFactory;)V+14
j  javax.swing.plaf.basic.BasicTextUI$UpdateHandler.insertUpdate(Ljavax/swing/event/DocumentEvent;)V+101
j  javax.swing.text.AbstractDocument.fireInsertUpdate(Ljavax/swing/event/DocumentEvent;)V+40
j  javax.swing.text.AbstractDocument.handleInsertString(ILjava/lang/String;Ljavax/swing/text/AttributeSet;)V+150
j  javax.swing.text.AbstractDocument.insertString(ILjava/lang/String;Ljavax/swing/text/AttributeSet;)V+46
j  javax.swing.text.PlainDocument.insertString(ILjava/lang/String;Ljavax/swing/text/AttributeSet;)V+104
j  javax.swing.text.AbstractDocument.replace(IILjava/lang/String;Ljavax/swing/text/AttributeSet;)V+74
j  javax.swing.text.JTextComponent.setText(Ljava/lang/String;)V+25
j  wikibot.GUI.GUI$6.actionPerformed(Ljava/awt/event/ActionEvent;)V+61
j  wikibot.GUI.GUI$7.actionPerformed(Ljava/awt/event/ActionEvent;)V+52
j  javax.swing.AbstractButton.fireActionPerformed(Ljava/awt/event/ActionEvent;)V+84
j  javax.swing.AbstractButton$Handler.actionPerformed(Ljava/awt/event/ActionEvent;)V+5
j  javax.swing.DefaultButtonModel.fireActionPerformed(Ljava/awt/event/ActionEvent;)V+35
j  javax.swing.DefaultButtonModel.setPressed(Z)V+117
j  javax.swing.plaf.basic.BasicButtonListener.mouseReleased(Ljava/awt/event/MouseEvent;)V+35
j  java.awt.Component.processMouseEvent(Ljava/awt/event/MouseEvent;)V+64
j  javax.swing.JComponent.processMouseEvent(Ljava/awt/event/MouseEvent;)V+23
j  java.awt.Component.processEvent(Ljava/awt/AWTEvent;)V+81
j  java.awt.Container.processEvent(Ljava/awt/AWTEvent;)V+18
j  java.awt.Component.dispatchEventImpl(Ljava/awt/AWTEvent;)V+581
J  java.awt.Container.dispatchEventImpl(Ljava/awt/AWTEvent;)V
J  java.awt.LightweightDispatcher.retargetMouseEvent(Ljava/awt/Component;ILjava/awt/event/MouseEvent;)V
J  java.awt.Container.dispatchEventImpl(Ljava/awt/AWTEvent;)V
J  java.awt.EventQueue$3.run()Ljava/lang/Object;
v  ~StubRoutines::call_stub
J  java.security.AccessController.doPrivileged(Ljava/security/PrivilegedAction;Ljava/security/AccessControlContext;)Ljava/lang/Object;
J  java.security.ProtectionDomain$1.doIntersectionPrivilege(Ljava/security/PrivilegedAction;Ljava/security/AccessControlContext;Ljava/security/AccessControlContext;)Ljava/lang/Object;
j  java.security.ProtectionDomain$1.doIntersectionPrivilege(Ljava/security/PrivilegedAction;Ljava/security/AccessControlContext;)Ljava/lang/Object;+6
j  java.awt.EventQueue$4.run()Ljava/lang/Void;+11
j  java.awt.EventQueue$4.run()Ljava/lang/Object;+1
v  ~StubRoutines::call_stub
J  java.security.AccessController.doPrivileged(Ljava/security/PrivilegedAction;Ljava/security/AccessControlContext;)Ljava/lang/Object;
J  java.awt.EventDispatchThread.pumpOneEventForFilters(I)V
J  java.awt.EventDispatchThread.pumpEventsForFilter(ILjava/awt/Conditional;Ljava/awt/EventFilter;)V
j  java.awt.EventDispatchThread.pumpEventsForHierarchy(ILjava/awt/Conditional;Ljava/awt/Component;)V+11
j  java.awt.EventDispatchThread.pumpEvents(ILjava/awt/Conditional;)V+4
j  java.awt.EventDispatchThread.pumpEvents(Ljava/awt/Conditional;)V+3
j  java.awt.EventDispatchThread.run()V+9
v  ~StubRoutines::call_stub

---------------  P R O C E S S  ---------------

Java Threads: ( => current thread )
  0x0000000014705000 JavaThread "Keep-Alive-Timer" daemon [_thread_blocked, id=11572, stack(0x000000001b3e0000,0x000000001b4e0000)]
  0x000000001464f800 JavaThread "TimerQueue" daemon [_thread_blocked, id=12160, stack(0x000000001b610000,0x000000001b710000)]
  0x000000001463c000 JavaThread "D3D Screen Updater" daemon [_thread_blocked, id=12060, stack(0x000000001b160000,0x000000001b260000)]
  0x00000000020cd000 JavaThread "DestroyJavaVM" [_thread_blocked, id=11192, stack(0x0000000002410000,0x0000000002510000)]
=>0x000000001382e800 JavaThread "AWT-EventQueue-0" [_thread_in_vm, id=12112, stack(0x0000000019820000,0x0000000019920000)]
  0x000000001414e000 JavaThread "AWT-Windows" daemon [_thread_in_native, id=7424, stack(0x00000000153d0000,0x00000000154d0000)]
  0x000000001414d000 JavaThread "AWT-Shutdown" [_thread_blocked, id=7452, stack(0x00000000151c0000,0x00000000152c0000)]
  0x000000001435f800 JavaThread "Java2D Disposer" daemon [_thread_blocked, id=11004, stack(0x00000000152c0000,0x00000000153c0000)]
  0x000000001349c800 JavaThread "Service Thread" daemon [_thread_blocked, id=12180, stack(0x0000000013f90000,0x0000000014090000)]
  0x0000000013496000 JavaThread "C2 CompilerThread1" daemon [_thread_blocked, id=12240, stack(0x0000000013cb0000,0x0000000013db0000)]
  0x0000000013480800 JavaThread "C2 CompilerThread0" daemon [_thread_blocked, id=10372, stack(0x0000000013b60000,0x0000000013c60000)]
  0x000000001347f800 JavaThread "Attach Listener" daemon [_thread_blocked, id=6572, stack(0x0000000013990000,0x0000000013a90000)]
  0x000000001347e800 JavaThread "Signal Dispatcher" daemon [_thread_blocked, id=10636, stack(0x0000000013840000,0x0000000013940000)]
  0x000000001140b000 JavaThread "Finalizer" daemon [_thread_blocked, id=11504, stack(0x0000000013330000,0x0000000013430000)]
  0x0000000011403000 JavaThread "Reference Handler" daemon [_thread_blocked, id=9700, stack(0x0000000012ff0000,0x00000000130f0000)]

Other Threads:
  0x00000000113fb800 VMThread [stack: 0x0000000013170000,0x0000000013270000] [id=7296]
  0x00000000134b1800 WatcherThread [stack: 0x0000000013dd0000,0x0000000013ed0000] [id=3576]

VM state:not at safepoint (normal execution)

VM Mutex/Monitor currently owned by a thread: None

Heap
 PSYoungGen      total 72512K, used 54874K [0x00000007aaeb0000, 0x00000007b0500000, 0x0000000800000000)
  eden space 59328K, 89% used [0x00000007aaeb0000,0x00000007ae2a5e20,0x00000007ae8a0000)
  from space 13184K, 12% used [0x00000007af820000,0x00000007af9c0d40,0x00000007b0500000)
  to   space 14528K, 0% used [0x00000007ae8a0000,0x00000007ae8a0000,0x00000007af6d0000)
 ParOldGen       total 174208K, used 5571K [0x0000000700c00000, 0x000000070b620000, 0x00000007aaeb0000)
  object space 174208K, 3% used [0x0000000700c00000,0x0000000701170d30,0x000000070b620000)
 PSPermGen       total 21248K, used 17016K [0x00000006fba00000, 0x00000006fcec0000, 0x0000000700c00000)
  object space 21248K, 80% used [0x00000006fba00000,0x00000006fca9e038,0x00000006fcec0000)

Card table byte_map: [0x0000000005510000,0x0000000005d40000] byte_map_base: 0x0000000001d33000

Polling page: 0x0000000001c60000

Code Cache  [0x0000000002510000, 0x0000000002820000, 0x0000000005510000)
 total_blobs=1446 nmethods=948 adapters=448 free_code_cache=46090Kb largest_free_block=47122752

Compilation events (10 events):
Event: 295.167 Thread 0x0000000013496000 1005             wikibot.bots.QuoteFixBot::count (36 bytes)
Event: 295.169 Thread 0x0000000013496000 nmethod 1005 0x0000000002650190 code [0x00000000026502e0, 0x00000000026503e8]
Event: 322.171 Thread 0x0000000013480800   11 %           java.awt.EventDispatchThread::pumpEventsForFilter @ 10 (47 bytes)
Event: 322.177 Thread 0x0000000013480800 nmethod 11% 0x00000000025ad890 code [0x00000000025ada00, 0x00000000025adcc8]
Event: 322.630 Thread 0x0000000013496000 1006             java.util.LinkedHashMap$LinkedHashIterator::nextEntry (64 bytes)
Event: 322.632 Thread 0x0000000013496000 nmethod 1006 0x000000000264fe90 code [0x000000000264ffe0, 0x00000000026500b8]
Event: 332.554 Thread 0x0000000013480800 1007             java.awt.Point::<init> (7 bytes)
Event: 332.555 Thread 0x0000000013480800 nmethod 1007 0x000000000261f750 code [0x000000000261f880, 0x000000000261f8d8]
Event: 334.419 Thread 0x0000000013496000 1008             sun.security.provider.X509Factory::readOneBlock (419 bytes)
Event: 334.479 Thread 0x0000000013496000 nmethod 1008 0x000000000281a610 code [0x000000000281a900, 0x000000000281dde8]

GC Heap History (10 events):
Event: 19.543 GC heap before
{Heap before GC invocations=4 (full 0):
 PSYoungGen      total 76224K, used 76219K [0x00000007aaeb0000, 0x00000007b03c0000, 0x0000000800000000)
  eden space 65344K, 100% used [0x00000007aaeb0000,0x00000007aee80000,0x00000007aee80000)
  from space 10880K, 99% used [0x00000007aee80000,0x00000007af91efa8,0x00000007af920000)
  to   space 10880K, 0% used [0x00000007af920000,0x00000007af920000,0x00000007b03c0000)
 ParOldGen       total 174208K, used 1350K [0x0000000700c00000, 0x000000070b620000, 0x00000007aaeb0000)
  object space 174208K, 0% used [0x0000000700c00000,0x0000000700d51b28,0x000000070b620000)
 PSPermGen       total 21248K, used 16698K [0x00000006fba00000, 0x00000006fcec0000, 0x0000000700c00000)
  object space 21248K, 78% used [0x00000006fba00000,0x00000006fca4e930,0x00000006fcec0000)
Event: 19.552 GC heap after
Heap after GC invocations=4 (full 0):
 PSYoungGen      total 76224K, used 5311K [0x00000007aaeb0000, 0x00000007b03c0000, 0x0000000800000000)
  eden space 65344K, 0% used [0x00000007aaeb0000,0x00000007aaeb0000,0x00000007aee80000)
  from space 10880K, 48% used [0x00000007af920000,0x00000007afe4fd18,0x00000007b03c0000)
  to   space 10880K, 0% used [0x00000007aee80000,0x00000007aee80000,0x00000007af920000)
 ParOldGen       total 174208K, used 1358K [0x0000000700c00000, 0x000000070b620000, 0x00000007aaeb0000)
  object space 174208K, 0% used [0x0000000700c00000,0x0000000700d53b28,0x000000070b620000)
 PSPermGen       total 21248K, used 16698K [0x00000006fba00000, 0x00000006fcec0000, 0x0000000700c00000)
  object space 21248K, 78% used [0x00000006fba00000,0x00000006fca4e930,0x00000006fcec0000)
}
Event: 20.993 GC heap before
{Heap before GC invocations=5 (full 0):
 PSYoungGen      total 76224K, used 70655K [0x00000007aaeb0000, 0x00000007b03c0000, 0x0000000800000000)
  eden space 65344K, 100% used [0x00000007aaeb0000,0x00000007aee80000,0x00000007aee80000)
  from space 10880K, 48% used [0x00000007af920000,0x00000007afe4fd18,0x00000007b03c0000)
  to   space 10880K, 0% used [0x00000007aee80000,0x00000007aee80000,0x00000007af920000)
 ParOldGen       total 174208K, used 1358K [0x0000000700c00000, 0x000000070b620000, 0x00000007aaeb0000)
  object space 174208K, 0% used [0x0000000700c00000,0x0000000700d53b28,0x000000070b620000)
 PSPermGen       total 21248K, used 16715K [0x00000006fba00000, 0x00000006fcec0000, 0x0000000700c00000)
  object space 21248K, 78% used [0x00000006fba00000,0x00000006fca52e40,0x00000006fcec0000)
Event: 21.001 GC heap after
Heap after GC invocations=5 (full 0):
 PSYoungGen      total 74624K, used 5821K [0x00000007aaeb0000, 0x00000007b08f0000, 0x0000000800000000)
  eden space 63744K, 0% used [0x00000007aaeb0000,0x00000007aaeb0000,0x00000007aecf0000)
  from space 10880K, 53% used [0x00000007aee80000,0x00000007af42f5d8,0x00000007af920000)
  to   space 14336K, 0% used [0x00000007afaf0000,0x00000007afaf0000,0x00000007b08f0000)
 ParOldGen       total 174208K, used 1366K [0x0000000700c00000, 0x000000070b620000, 0x00000007aaeb0000)
  object space 174208K, 0% used [0x0000000700c00000,0x0000000700d55b28,0x000000070b620000)
 PSPermGen       total 21248K, used 16715K [0x00000006fba00000, 0x00000006fcec0000, 0x0000000700c00000)
  object space 21248K, 78% used [0x00000006fba00000,0x00000006fca52e40,0x00000006fcec0000)
}
Event: 24.461 GC heap before
{Heap before GC invocations=6 (full 0):
 PSYoungGen      total 74624K, used 69565K [0x00000007aaeb0000, 0x00000007b08f0000, 0x0000000800000000)
  eden space 63744K, 100% used [0x00000007aaeb0000,0x00000007aecf0000,0x00000007aecf0000)
  from space 10880K, 53% used [0x00000007aee80000,0x00000007af42f5d8,0x00000007af920000)
  to   space 14336K, 0% used [0x00000007afaf0000,0x00000007afaf0000,0x00000007b08f0000)
 ParOldGen       total 174208K, used 1366K [0x0000000700c00000, 0x000000070b620000, 0x00000007aaeb0000)
  object space 174208K, 0% used [0x0000000700c00000,0x0000000700d55b28,0x000000070b620000)
 PSPermGen       total 21248K, used 16737K [0x00000006fba00000, 0x00000006fcec0000, 0x0000000700c00000)
  object space 21248K, 78% used [0x00000006fba00000,0x00000006fca58538,0x00000006fcec0000)
Event: 24.472 GC heap after
Heap after GC invocations=6 (full 0):
 PSYoungGen      total 74368K, used 5085K [0x00000007aaeb0000, 0x00000007b06d0000, 0x0000000800000000)
  eden space 62208K, 0% used [0x00000007aaeb0000,0x00000007aaeb0000,0x00000007aeb70000)
  from space 12160K, 41% used [0x00000007afaf0000,0x00000007affe7498,0x00000007b06d0000)
  to   space 14016K, 0% used [0x00000007aeb70000,0x00000007aeb70000,0x00000007af920000)
 ParOldGen       total 174208K, used 1374K [0x0000000700c00000, 0x000000070b620000, 0x00000007aaeb0000)
  object space 174208K, 0% used [0x0000000700c00000,0x0000000700d57b28,0x000000070b620000)
 PSPermGen       total 21248K, used 16737K [0x00000006fba00000, 0x00000006fcec0000, 0x0000000700c00000)
  object space 21248K, 78% used [0x00000006fba00000,0x00000006fca58538,0x00000006fcec0000)
}
Event: 53.048 GC heap before
{Heap before GC invocations=7 (full 0):
 PSYoungGen      total 74368K, used 67293K [0x00000007aaeb0000, 0x00000007b06d0000, 0x0000000800000000)
  eden space 62208K, 100% used [0x00000007aaeb0000,0x00000007aeb70000,0x00000007aeb70000)
  from space 12160K, 41% used [0x00000007afaf0000,0x00000007affe7498,0x00000007b06d0000)
  to   space 14016K, 0% used [0x00000007aeb70000,0x00000007aeb70000,0x00000007af920000)
 ParOldGen       total 174208K, used 1374K [0x0000000700c00000, 0x000000070b620000, 0x00000007aaeb0000)
  object space 174208K, 0% used [0x0000000700c00000,0x0000000700d57b28,0x000000070b620000)
 PSPermGen       total 21248K, used 16823K [0x00000006fba00000, 0x00000006fcec0000, 0x0000000700c00000)
  object space 21248K, 79% used [0x00000006fba00000,0x00000006fca6dfc8,0x00000006fcec0000)
Event: 53.063 GC heap after
Heap after GC invocations=7 (full 0):
 PSYoungGen      total 62080K, used 1329K [0x00000007aaeb0000, 0x00000007b0640000, 0x0000000800000000)
  eden space 60736K, 0% used [0x00000007aaeb0000,0x00000007aaeb0000,0x00000007aea00000)
  from space 1344K, 98% used [0x00000007aeb70000,0x00000007aecbc7f0,0x00000007aecc0000)
  to   space 14464K, 0% used [0x00000007af820000,0x00000007af820000,0x00000007b0640000)
 ParOldGen       total 174208K, used 5331K [0x0000000700c00000, 0x000000070b620000, 0x00000007aaeb0000)
  object space 174208K, 3% used [0x0000000700c00000,0x0000000701134d30,0x000000070b620000)
 PSPermGen       total 21248K, used 16823K [0x00000006fba00000, 0x00000006fcec0000, 0x0000000700c00000)
  object space 21248K, 79% used [0x00000006fba00000,0x00000006fca6dfc8,0x00000006fcec0000)
}
Event: 113.297 GC heap before
{Heap before GC invocations=8 (full 0):
 PSYoungGen      total 62080K, used 62065K [0x00000007aaeb0000, 0x00000007b0640000, 0x0000000800000000)
  eden space 60736K, 100% used [0x00000007aaeb0000,0x00000007aea00000,0x00000007aea00000)
  from space 1344K, 98% used [0x00000007aeb70000,0x00000007aecbc7f0,0x00000007aecc0000)
  to   space 14464K, 0% used [0x00000007af820000,0x00000007af820000,0x00000007b0640000)
 ParOldGen       total 174208K, used 5331K [0x0000000700c00000, 0x000000070b620000, 0x00000007aaeb0000)
  object space 174208K, 3% used [0x0000000700c00000,0x0000000701134d30,0x000000070b620000)
 PSPermGen       total 21248K, used 16872K [0x00000006fba00000, 0x00000006fcec0000, 0x0000000700c00000)
  object space 21248K, 79% used [0x00000006fba00000,0x00000006fca7a3f8,0x00000006fcec0000)
Event: 113.302 GC heap after
Heap after GC invocations=8 (full 0):
 PSYoungGen      total 72512K, used 1667K [0x00000007aaeb0000, 0x00000007b0500000, 0x0000000800000000)
  eden space 59328K, 0% used [0x00000007aaeb0000,0x00000007aaeb0000,0x00000007ae8a0000)
  from space 13184K, 12% used [0x00000007af820000,0x00000007af9c0d40,0x00000007b0500000)
  to   space 14528K, 0% used [0x00000007ae8a0000,0x00000007ae8a0000,0x00000007af6d0000)
 ParOldGen       total 174208K, used 5571K [0x0000000700c00000, 0x000000070b620000, 0x00000007aaeb0000)
  object space 174208K, 3% used [0x0000000700c00000,0x0000000701170d30,0x000000070b620000)
 PSPermGen       total 21248K, used 16872K [0x00000006fba00000, 0x00000006fcec0000, 0x0000000700c00000)
  object space 21248K, 79% used [0x00000006fba00000,0x00000006fca7a3f8,0x00000006fcec0000)
}

Deoptimization events (10 events):
Event: 47.233 Thread 0x000000001382e800 Uncommon trap -58 fr.pc 0x000000000261122c
Event: 47.233 Thread 0x000000001382e800 Uncommon trap -34 fr.pc 0x000000000261f5b4
Event: 52.141 Thread 0x000000001c6cc800 Uncommon trap -58 fr.pc 0x00000000026c64c8
Event: 57.141 Thread 0x000000001c6cc800 Uncommon trap -58 fr.pc 0x00000000026c64c8
Event: 61.566 Thread 0x000000001382e800 Uncommon trap -34 fr.pc 0x000000000261f5b4
Event: 66.917 Thread 0x000000001382e800 Uncommon trap -34 fr.pc 0x000000000261f5b4
Event: 99.862 Thread 0x000000001382e800 Uncommon trap -83 fr.pc 0x000000000276b83c
Event: 149.577 Thread 0x000000001382e800 Uncommon trap -58 fr.pc 0x000000000270def8
Event: 180.534 Thread 0x000000001382e800 Uncommon trap -83 fr.pc 0x00000000025a66e8
Event: 295.177 Thread 0x000000001382e800 Uncommon trap -83 fr.pc 0x000000000264f084

Internal exceptions (10 events):
Event: 14.847 Thread 0x000000001382e800 Implicit null exception at 0x0000000002601147 to 0x000000000260122d
Event: 14.932 Thread 0x000000001382e800 Implicit null exception at 0x00000000025fdd0f to 0x00000000025fe071
Event: 15.394 Thread 0x000000001382e800 Implicit null exception at 0x000000000262fe15 to 0x0000000002630a39
Event: 15.394 Thread 0x000000001382e800 Implicit null exception at 0x000000000261db10 to 0x000000000261df01
Event: 15.394 Thread 0x000000001382e800 Implicit null exception at 0x00000000026326a5 to 0x0000000002632935
Event: 15.677 Thread 0x000000001382e800 Implicit null exception at 0x000000000269f67c to 0x00000000026a0871
Event: 17.515 Thread 0x000000001382e800 Implicit null exception at 0x000000000270b9c3 to 0x000000000270c435
Event: 27.096 Thread 0x000000001382e800 Implicit null exception at 0x00000000025e23e4 to 0x00000000025e2679
Event: 27.107 Thread 0x000000001382e800 Implicit null exception at 0x000000000262b8f4 to 0x000000000262bb01
Event: 295.177 Thread 0x000000001382e800 Implicit null exception at 0x000000000264ecd4 to 0x000000000264f065

Events (10 events):
Event: 320.827 loading class 0x00000000136cd330
Event: 320.827 loading class 0x00000000136cd330 done
Event: 322.633 Thread 0x0000000013496000 flushing nmethod 0x000000000261f2d0
Event: 334.508 Thread 0x0000000014705000 Thread added: 0x0000000014705000
Event: 334.508 Executing VM operation: RevokeBias
Event: 334.509 Executing VM operation: RevokeBias done
Event: 334.509 Thread 0x0000000014705000 Thread exited: 0x0000000014705000
Event: 334.617 Thread 0x0000000014705000 Thread added: 0x0000000014705000
Event: 339.617 Executing VM operation: RevokeBias
Event: 339.617 Executing VM operation: RevokeBias done


Dynamic libraries:
0x000000013f180000 - 0x000000013f1b3000 	C:\Program Files\Java\jdk1.7.0_25\bin\java.exe
0x00000000770f0000 - 0x0000000077299000 	C:\Windows\SYSTEM32\ntdll.dll
0x0000000076fd0000 - 0x00000000770ef000 	C:\Windows\system32\kernel32.dll
0x000007fefc250000 - 0x000007fefc2bc000 	C:\Windows\system32\KERNELBASE.dll
0x000007fefca10000 - 0x000007fefcaeb000 	C:\Windows\system32\ADVAPI32.dll
0x000007fefcba0000 - 0x000007fefcc3f000 	C:\Windows\system32\msvcrt.dll
0x000007fefe260000 - 0x000007fefe27f000 	C:\Windows\SYSTEM32\sechost.dll
0x000007fefd180000 - 0x000007fefd2ad000 	C:\Windows\system32\RPCRT4.dll
0x0000000076ed0000 - 0x0000000076fca000 	C:\Windows\system32\USER32.dll
0x000007fefe150000 - 0x000007fefe1b7000 	C:\Windows\system32\GDI32.dll
0x000007fefcb90000 - 0x000007fefcb9e000 	C:\Windows\system32\LPK.dll
0x000007fefc920000 - 0x000007fefc9e9000 	C:\Windows\system32\USP10.dll
0x000007fefa910000 - 0x000007fefab04000 	C:\Windows\WinSxS\amd64_microsoft.windows.common-controls_6595b64144ccf1df_6.0.7601.18837_none_fa3b1e3d17594757\COMCTL32.dll
0x000007fefc7c0000 - 0x000007fefc831000 	C:\Windows\system32\SHLWAPI.dll
0x000007fefc8f0000 - 0x000007fefc91e000 	C:\Windows\system32\IMM32.DLL
0x000007fefd2b0000 - 0x000007fefd3b9000 	C:\Windows\system32\MSCTF.dll
0x000000005d930000 - 0x000000005da01000 	C:\Program Files\Java\jdk1.7.0_25\jre\bin\msvcr100.dll
0x0000000059a20000 - 0x000000005a12f000 	C:\Program Files\Java\jdk1.7.0_25\jre\bin\server\jvm.dll
0x000007fef88e0000 - 0x000007fef88e9000 	C:\Windows\system32\WSOCK32.dll
0x000007fefc8a0000 - 0x000007fefc8ed000 	C:\Windows\system32\WS2_32.dll
0x000007fefc2c0000 - 0x000007fefc2c8000 	C:\Windows\system32\NSI.dll
0x000007fef9ad0000 - 0x000007fef9b0b000 	C:\Windows\system32\WINMM.dll
0x00000000772b0000 - 0x00000000772b7000 	C:\Windows\system32\PSAPI.DLL
0x000000006ce90000 - 0x000000006ce9f000 	C:\Program Files\Java\jdk1.7.0_25\jre\bin\verify.dll
0x0000000067010000 - 0x0000000067038000 	C:\Program Files\Java\jdk1.7.0_25\jre\bin\java.dll
0x0000000066f20000 - 0x0000000066f35000 	C:\Program Files\Java\jdk1.7.0_25\jre\bin\zip.dll
0x0000000066d30000 - 0x0000000066d54000 	C:\Program Files\Java\jdk1.7.0_25\jre\bin\sunec.dll
0x0000000066d20000 - 0x0000000066d2b000 	C:\Program Files\Java\jdk1.7.0_25\jre\bin\sunmscapi.dll
0x000007fefbf90000 - 0x000007fefc0fd000 	C:\Windows\system32\CRYPT32.dll
0x000007fefbf00000 - 0x000007fefbf0f000 	C:\Windows\system32\MSASN1.dll
0x000007fefb740000 - 0x000007fefb758000 	C:\Windows\system32\CRYPTSP.dll
0x000007fefb440000 - 0x000007fefb487000 	C:\Windows\system32\rsaenh.dll
0x000007fefc1a0000 - 0x000007fefc1be000 	C:\Windows\system32\USERENV.dll
0x000007fefbf10000 - 0x000007fefbf1f000 	C:\Windows\system32\profapi.dll
0x000007fefbda0000 - 0x000007fefbdaf000 	C:\Windows\system32\CRYPTBASE.dll
0x0000000066f00000 - 0x0000000066f19000 	C:\Program Files\Java\jdk1.7.0_25\jre\bin\net.dll
0x000007fefb6e0000 - 0x000007fefb735000 	C:\Windows\system32\mswsock.dll
0x000007fefb6d0000 - 0x000007fefb6d7000 	C:\Windows\System32\wship6.dll
0x000007fef9760000 - 0x000007fef9775000 	C:\Windows\system32\NLAapi.dll
0x000007fef6b90000 - 0x000007fef6ba5000 	C:\Windows\system32\napinsp.dll
0x000007fef6b70000 - 0x000007fef6b89000 	C:\Windows\system32\pnrpnsp.dll
0x0000000071110000 - 0x0000000071136000 	C:\Program Files\Bonjour\mdnsNSP.dll
0x000007fef9150000 - 0x000007fef9177000 	C:\Windows\system32\Iphlpapi.DLL
0x000007fef9140000 - 0x000007fef914b000 	C:\Windows\system32\WINNSI.DLL
0x000007fefb560000 - 0x000007fefb5bb000 	C:\Windows\system32\DNSAPI.dll
0x000007fef6b40000 - 0x000007fef6b4b000 	C:\Windows\System32\winrnr.dll
0x000007fefb0c0000 - 0x000007fefb0c7000 	C:\Windows\System32\wshtcpip.dll
0x000007fef7500000 - 0x000007fef7508000 	C:\Windows\system32\rasadhlp.dll
0x000007fef8fe0000 - 0x000007fef9033000 	C:\Windows\System32\fwpuclnt.dll
0x0000000066ee0000 - 0x0000000066ef1000 	C:\Program Files\Java\jdk1.7.0_25\jre\bin\nio.dll
0x000000005d790000 - 0x000000005d925000 	C:\Program Files\Java\jdk1.7.0_25\jre\bin\awt.dll
0x000007fefcdd0000 - 0x000007fefcea7000 	C:\Windows\system32\OLEAUT32.dll
0x000007fefc2d0000 - 0x000007fefc4d3000 	C:\Windows\system32\ole32.dll
0x000007fefa0c0000 - 0x000007fefa0d8000 	C:\Windows\system32\DWMAPI.DLL
0x000007fefa5c0000 - 0x000007fefa616000 	C:\Windows\system32\uxtheme.dll
0x000007fee5350000 - 0x000007fee554f000 	C:\Windows\system32\d3d9.dll
0x000007fefafa0000 - 0x000007fefafac000 	C:\Windows\system32\VERSION.dll
0x000007fee5340000 - 0x000007fee5347000 	C:\Windows\system32\d3d8thk.dll
0x000007fef51d0000 - 0x000007fef52ec000 	C:\Windows\system32\aticfx64.dll
0x000007fee5320000 - 0x000007fee5340000 	C:\Windows\system32\atiu9p64.dll
0x000007fee3e10000 - 0x000007fee44c7000 	C:\Windows\system32\atiumd64.dll
0x000000006c7c0000 - 0x000000006cc8d000 	C:\Windows\system32\atiumd6a.dll
0x000007fefd3c0000 - 0x000007fefe149000 	C:\Windows\system32\SHELL32.dll
0x0000000066db0000 - 0x0000000066def000 	C:\Program Files\Java\jdk1.7.0_25\jre\bin\fontmanager.dll
0x0000000066d60000 - 0x0000000066da1000 	C:\Program Files\Java\jdk1.7.0_25\jre\bin\t2k.dll
0x000007fefcaf0000 - 0x000007fefcb89000 	C:\Windows\system32\CLBCatQ.DLL
0x000007fef9f10000 - 0x000007fefa071000 	C:\Windows\system32\WindowsCodecs.dll
0x000007fefbd40000 - 0x000007fefbd97000 	C:\Windows\system32\apphelp.dll
0x000007fee7b30000 - 0x000007fee7bf0000 	C:\Program Files (x86)\Google\Drive\googledrivesync64.dll
0x000000006f470000 - 0x000000006f543000 	C:\Program Files (x86)\Google\Drive\Microsoft.VC90.CRT\MSVCP90.dll
0x000000006f3c0000 - 0x000000006f463000 	C:\Program Files (x86)\Google\Drive\Microsoft.VC90.CRT\MSVCR90.dll
0x000007fef4ee0000 - 0x000007fef4f15000 	C:\Windows\system32\EhStorShell.dll
0x000007fefe280000 - 0x000007fefe457000 	C:\Windows\system32\SETUPAPI.dll
0x000007fefc1f0000 - 0x000007fefc226000 	C:\Windows\system32\CFGMGR32.dll
0x000007fefc1d0000 - 0x000007fefc1ea000 	C:\Windows\system32\DEVOBJ.dll
0x000007fefa790000 - 0x000007fefa8bc000 	C:\Windows\system32\PROPSYS.dll
0x000007fef3c60000 - 0x000007fef42d2000 	C:\PROGRA~1\MICROS~2\Office14\GROOVEEX.DLL
0x0000000071250000 - 0x00000000712ed000 	C:\Windows\WinSxS\amd64_microsoft.vc90.crt_1fc8b3b9a1e18e3b_9.0.30729.4940_none_08e4299fa83d7e3c\MSVCR90.dll
0x00000000712f0000 - 0x00000000713c3000 	C:\Windows\WinSxS\amd64_microsoft.vc90.crt_1fc8b3b9a1e18e3b_9.0.30729.4940_none_08e4299fa83d7e3c\MSVCP90.dll
0x000000006f390000 - 0x000000006f3bf000 	C:\Windows\WinSxS\amd64_microsoft.vc90.atl_1fc8b3b9a1e18e3b_9.0.30729.4148_none_0a1d2fcba76b3f00\ATL90.DLL
0x000007fef3850000 - 0x000007fef3c5f000 	C:\PROGRA~1\COMMON~1\MICROS~1\OFFICE14\Cultures\office.odf
0x000007fef2fe0000 - 0x000007fef3844000 	C:\PROGRA~1\MICROS~2\Office14\1033\GrooveIntlResource.dll
0x000007fef53e0000 - 0x000007fef545e000 	C:\Windows\System32\cscui.dll
0x000007fef54f0000 - 0x000007fef54fc000 	C:\Windows\System32\CSCDLL.dll
0x000007fef54e0000 - 0x000007fef54ef000 	C:\Windows\system32\CSCAPI.dll
0x000007fef4ff0000 - 0x000007fef5070000 	C:\Windows\system32\ntshrui.dll
0x000007fefbaa0000 - 0x000007fefbac3000 	C:\Windows\system32\srvcli.dll
0x000007fef9630000 - 0x000007fef963b000 	C:\Windows\system32\slc.dll
0x000007fef6a00000 - 0x000007fef6b25000 	C:\Windows\system32\dbghelp.dll

VM Arguments:
jvm_args: -Dfile.encoding=UTF-8 
java_command: wikibot.WikiBot
Launcher Type: SUN_STANDARD

Environment Variables:
PATH=C:\ProgramData\Oracle\Java\javapath;C:\Program Files (x86)\AMD APP\bin\x86_64;C:\Program Files (x86)\AMD APP\bin\x86;C:\Windows\system32;C:\Windows;C:\Windows\System32\Wbem;C:\Windows\System32\WindowsPowerShell\v1.0\;C:\Program Files (x86)\ATI Technologies\ATI.ACE\Core-Static;C:\Program Files\Calibre2\
USERNAME=Dave
OS=Windows_NT
PROCESSOR_IDENTIFIER=AMD64 Family 21 Model 2 Stepping 0, AuthenticAMD



---------------  S Y S T E M  ---------------

OS: Windows 7 , 64 bit Build 7601 Service Pack 1

CPU:total 8 (8 cores per cpu, 1 threads per core) family 21 model 2 stepping 0, cmov, cx8, fxsr, mmx, sse, sse2, sse3, ssse3, sse4.1, sse4.2, popcnt, avx, mmxext, 3dnowpref, lzcnt, sse4a, tsc, tscinvbit, tscinv

Memory: 4k page, physical 16720156k(10576132k free), swap 33438472k(25062832k free)

vm_info: Java HotSpot(TM) 64-Bit Server VM (23.25-b01) for windows-amd64 JRE (1.7.0_25-b17), built on Jun 21 2013 12:58:32 by "java_re" with unknown MS VC++:1600

time: Fri Mar 18 19:01:45 2016
elapsed time: 340 seconds

