#
# A fatal error has been detected by the Java Runtime Environment:
#
#  EXCEPTION_ACCESS_VIOLATION (0xc0000005) at pc=0x0000000059bdab60, pid=3776, tid=9344
#
# JRE version: 7.0_25-b17
# Java VM: Java HotSpot(TM) 64-Bit Server VM (23.25-b01 mixed mode windows-amd64 compressed oops)
# Problematic frame:
# V  [jvm.dll+0x1bab60]
#
# Failed to write core dump. Minidumps are not enabled by default on client versions of Windows
#
# If you would like to submit a bug report, please visit:
#   http://bugreport.sun.com/bugreport/crash.jsp
#

---------------  T H R E A D  ---------------

Current thread (0x000000001432d000):  JavaThread "AWT-EventQueue-0" [_thread_in_vm, id=9344, stack(0x0000000019560000,0x0000000019660000)]

siginfo: ExceptionCode=0xc0000005, reading address 0x0000000218d00010

Registers:
RAX=0x0000000218d00000, RBX=0x000000001432d000, RCX=0x0000000000000003, RDX=0x00000007aec91f10
RSP=0x000000001965c650, RBP=0x00000007ab16d168, RSI=0x0000000000000006, RDI=0x0000000000000000
R8 =0x00000007ab16d168, R9 =0x0000000000000000, R10=0x0000000059bdab10, R11=0x0000000000000000
R12=0x0000000000000000, R13=0x00000007ab16d150, R14=0x000000001965c688, R15=0x000000001432d000
RIP=0x0000000059bdab60, EFLAGS=0x0000000000010206

Top of Stack: (sp=0x000000001965c650)
0x000000001965c650:   00000000143a3d30 0000000700efb7e8
0x000000001965c660:   0000000700efe528 0000000700c3b330
0x000000001965c670:   0000000000000001 000000070101dd70
0x000000001965c680:   00000007ab16c2f0 0000000700c3b4a0
0x000000001965c690:   0000000000000000 0000000002602095
0x000000001965c6a0:   0000000000000002 00000000027a08a8
0x000000001965c6b0:   0000000700000022 0000000700000025
0x000000001965c6c0:   0000000000000006 000000001432d000
0x000000001965c6d0:   00000007ab16d168 000000000269e004
0x000000001965c6e0:   0000000000000000 0000000700c3b318
0x000000001965c6f0:   0000000700c283a8 0000000000000800
0x000000001965c700:   0000000000000000 0000000700ea64d8
0x000000001965c710:   0000000700ea8458 0000000200000001
0x000000001965c720:   0000002500000000 0000000700efe528
0x000000001965c730:   00000007ab16d150 0000000700f2fb88
0x000000001965c740:   0000000700c3b258 0000000700c283a8 

Instructions: (pc=0x0000000059bdab60)
0x0000000059bdab40:   53 22 4e 00 00 74 15 8b 41 08 8b 0d c8 09 49 00
0x0000000059bdab50:   48 d3 e0 48 03 05 b6 09 49 00 eb 04 48 8b 41 08
0x0000000059bdab60:   4c 8b 50 10 48 8d 48 10 8b 44 24 70 48 89 5c 24
0x0000000059bdab70:   30 89 44 24 28 44 89 4c 24 20 4d 8b c8 45 8b c3 


Register to memory mapping:

RAX=0x0000000218d00000 is an unknown value
RBX=0x000000001432d000 is a thread
RCX=0x0000000000000003 is an unknown value
RDX=0x00000007aec91f10 is an unknown value
RSP=0x000000001965c650 is pointing into the stack for thread: 0x000000001432d000
RBP=0x00000007ab16d168 is an oop
[F 
 - klass: {type array float}
 - length: 6
RSI=0x0000000000000006 is an unknown value
RDI=0x0000000000000000 is an unknown value
R8 =0x00000007ab16d168 is an oop
[F 
 - klass: {type array float}
 - length: 6
R9 =0x0000000000000000 is an unknown value
R10=0x0000000059bdab10 is an unknown value
R11=0x0000000000000000 is an unknown value
R12=0x0000000000000000 is an unknown value
R13=0x00000007ab16d150 is an oop
[I 
 - klass: {type array int}
 - length: 2
R14=0x000000001965c688 is pointing into the stack for thread: 0x000000001432d000
R15=0x000000001432d000 is a thread


Stack: [0x0000000019560000,0x0000000019660000],  sp=0x000000001965c650,  free space=1009k
Native frames: (J=compiled Java code, j=interpreted, Vv=VM code, C=native code)
V  [jvm.dll+0x1bab60]

Java frames: (J=compiled Java code, j=interpreted, Vv=VM code)
v  ~RuntimeStub::_slow_arraycopy_Java
J  sun.font.GlyphLayout$GVData.createGlyphVector(Ljava/awt/Font;Ljava/awt/font/FontRenderContext;Lsun/font/StandardGlyphVector;)Lsun/font/StandardGlyphVector;
J  sun.font.GlyphLayout.layout(Ljava/awt/Font;Ljava/awt/font/FontRenderContext;[CIIILsun/font/StandardGlyphVector;)Lsun/font/StandardGlyphVector;
J  sun.font.ExtendedTextSourceLabel.createGV()Lsun/font/StandardGlyphVector;
J  sun.font.ExtendedTextSourceLabel.createCharinfo()[F
J  sun.font.ExtendedTextSourceLabel.getLineBreakIndex(IF)I
J  java.awt.font.TextMeasurer.calcLineBreak(IF)I
J  java.awt.font.TextMeasurer.getLineBreakIndex(IF)I
J  java.awt.font.LineBreakMeasurer.nextLayout(FIZ)Ljava/awt/font/TextLayout;
J  javax.swing.text.TextLayoutStrategy.sync(Ljavax/swing/text/FlowView;)V
j  javax.swing.text.TextLayoutStrategy.insertUpdate(Ljavax/swing/text/FlowView;Ljavax/swing/event/DocumentEvent;Ljava/awt/Rectangle;)V+2
j  javax.swing.text.FlowView.loadChildren(Ljavax/swing/text/ViewFactory;)V+37
J  javax.swing.text.CompositeView.setParent(Ljavax/swing/text/View;)V
j  javax.swing.text.FlowView.setParent(Ljavax/swing/text/View;)V+2
j  javax.swing.plaf.basic.BasicTextAreaUI$PlainParagraph.setParent(Ljavax/swing/text/View;)V+2
J  javax.swing.text.CompositeView.replace(II[Ljavax/swing/text/View;)V
J  javax.swing.text.BoxView.replace(II[Ljavax/swing/text/View;)V
j  javax.swing.text.View.updateChildren(Ljavax/swing/event/DocumentEvent$ElementChange;Ljavax/swing/event/DocumentEvent;Ljavax/swing/text/ViewFactory;)Z+93
j  javax.swing.text.View.insertUpdate(Ljavax/swing/event/DocumentEvent;Ljava/awt/Shape;Ljavax/swing/text/ViewFactory;)V+33
j  javax.swing.plaf.basic.BasicTextUI$RootView.insertUpdate(Ljavax/swing/event/DocumentEvent;Ljava/awt/Shape;Ljavax/swing/text/ViewFactory;)V+14
j  javax.swing.plaf.basic.BasicTextUI$UpdateHandler.insertUpdate(Ljavax/swing/event/DocumentEvent;)V+101
j  javax.swing.text.AbstractDocument.fireInsertUpdate(Ljavax/swing/event/DocumentEvent;)V+40
j  javax.swing.text.AbstractDocument.handleInsertString(ILjava/lang/String;Ljavax/swing/text/AttributeSet;)V+150
j  javax.swing.text.AbstractDocument.insertString(ILjava/lang/String;Ljavax/swing/text/AttributeSet;)V+46
j  javax.swing.text.PlainDocument.insertString(ILjava/lang/String;Ljavax/swing/text/AttributeSet;)V+104
j  javax.swing.text.AbstractDocument.replace(IILjava/lang/String;Ljavax/swing/text/AttributeSet;)V+74
j  javax.swing.text.JTextComponent.setText(Ljava/lang/String;)V+25
j  wikibot.GUI.GUI$6.actionPerformed(Ljava/awt/event/ActionEvent;)V+61
j  javax.swing.AbstractButton.fireActionPerformed(Ljava/awt/event/ActionEvent;)V+84
j  javax.swing.AbstractButton$Handler.actionPerformed(Ljava/awt/event/ActionEvent;)V+5
j  javax.swing.DefaultButtonModel.fireActionPerformed(Ljava/awt/event/ActionEvent;)V+35
j  javax.swing.DefaultButtonModel.setPressed(Z)V+117
j  javax.swing.plaf.basic.BasicButtonListener.mouseReleased(Ljava/awt/event/MouseEvent;)V+35
j  java.awt.Component.processMouseEvent(Ljava/awt/event/MouseEvent;)V+64
j  javax.swing.JComponent.processMouseEvent(Ljava/awt/event/MouseEvent;)V+23
j  java.awt.Component.processEvent(Ljava/awt/AWTEvent;)V+81
j  java.awt.Container.processEvent(Ljava/awt/AWTEvent;)V+18
j  java.awt.Component.dispatchEventImpl(Ljava/awt/AWTEvent;)V+581
j  java.awt.Container.dispatchEventImpl(Ljava/awt/AWTEvent;)V+42
J  java.awt.LightweightDispatcher.retargetMouseEvent(Ljava/awt/Component;ILjava/awt/event/MouseEvent;)V
j  java.awt.LightweightDispatcher.processMouseEvent(Ljava/awt/event/MouseEvent;)Z+139
j  java.awt.LightweightDispatcher.dispatchEvent(Ljava/awt/AWTEvent;)Z+50
j  java.awt.Container.dispatchEventImpl(Ljava/awt/AWTEvent;)V+12
j  java.awt.Window.dispatchEventImpl(Ljava/awt/AWTEvent;)V+19
j  java.awt.Component.dispatchEvent(Ljava/awt/AWTEvent;)V+2
j  java.awt.EventQueue.dispatchEventImpl(Ljava/awt/AWTEvent;Ljava/lang/Object;)V+41
j  java.awt.EventQueue.access$200(Ljava/awt/EventQueue;Ljava/awt/AWTEvent;Ljava/lang/Object;)V+3
j  java.awt.EventQueue$3.run()Ljava/lang/Void;+12
j  java.awt.EventQueue$3.run()Ljava/lang/Object;+1
v  ~StubRoutines::call_stub
J  java.security.AccessController.doPrivileged(Ljava/security/PrivilegedAction;Ljava/security/AccessControlContext;)Ljava/lang/Object;
J  java.security.ProtectionDomain$1.doIntersectionPrivilege(Ljava/security/PrivilegedAction;Ljava/security/AccessControlContext;Ljava/security/AccessControlContext;)Ljava/lang/Object;
j  java.security.ProtectionDomain$1.doIntersectionPrivilege(Ljava/security/PrivilegedAction;Ljava/security/AccessControlContext;)Ljava/lang/Object;+6
j  java.awt.EventQueue$4.run()Ljava/lang/Void;+11
j  java.awt.EventQueue$4.run()Ljava/lang/Object;+1
v  ~StubRoutines::call_stub
J  java.security.AccessController.doPrivileged(Ljava/security/PrivilegedAction;Ljava/security/AccessControlContext;)Ljava/lang/Object;
J  java.awt.EventDispatchThread.pumpOneEventForFilters(I)V
j  java.awt.EventDispatchThread.pumpEventsForFilter(ILjava/awt/Conditional;Ljava/awt/EventFilter;)V+35
j  java.awt.EventDispatchThread.pumpEventsForHierarchy(ILjava/awt/Conditional;Ljava/awt/Component;)V+11
j  java.awt.EventDispatchThread.pumpEvents(ILjava/awt/Conditional;)V+4
j  java.awt.EventDispatchThread.pumpEvents(Ljava/awt/Conditional;)V+3
j  java.awt.EventDispatchThread.run()V+9
v  ~StubRoutines::call_stub

---------------  P R O C E S S  ---------------

Java Threads: ( => current thread )
  0x0000000014395800 JavaThread "TimerQueue" daemon [_thread_blocked, id=11136, stack(0x000000001c0a0000,0x000000001c1a0000)]
  0x0000000014375800 JavaThread "D3D Screen Updater" daemon [_thread_blocked, id=11892, stack(0x000000001ad00000,0x000000001ae00000)]
  0x000000000037d000 JavaThread "DestroyJavaVM" [_thread_blocked, id=12272, stack(0x00000000024a0000,0x00000000025a0000)]
=>0x000000001432d000 JavaThread "AWT-EventQueue-0" [_thread_in_vm, id=9344, stack(0x0000000019560000,0x0000000019660000)]
  0x00000000142bb000 JavaThread "AWT-Windows" daemon [_thread_in_native, id=11340, stack(0x0000000015170000,0x0000000015270000)]
  0x0000000014221800 JavaThread "AWT-Shutdown" [_thread_blocked, id=11516, stack(0x0000000014e50000,0x0000000014f50000)]
  0x0000000014401800 JavaThread "Java2D Disposer" daemon [_thread_blocked, id=6672, stack(0x0000000015040000,0x0000000015140000)]
  0x000000001348c000 JavaThread "Service Thread" daemon [_thread_blocked, id=6108, stack(0x0000000013ac0000,0x0000000013bc0000)]
  0x0000000013487800 JavaThread "C2 CompilerThread1" daemon [_thread_blocked, id=10600, stack(0x0000000013bf0000,0x0000000013cf0000)]
  0x0000000013480800 JavaThread "C2 CompilerThread0" daemon [_thread_blocked, id=4988, stack(0x0000000012ea0000,0x0000000012fa0000)]
  0x000000001347f800 JavaThread "Attach Listener" daemon [_thread_blocked, id=8468, stack(0x0000000013960000,0x0000000013a60000)]
  0x000000001347e800 JavaThread "Signal Dispatcher" daemon [_thread_blocked, id=11436, stack(0x0000000013860000,0x0000000013960000)]
  0x00000000113cb000 JavaThread "Finalizer" daemon [_thread_blocked, id=8344, stack(0x0000000013330000,0x0000000013430000)]
  0x00000000113c3000 JavaThread "Reference Handler" daemon [_thread_blocked, id=11820, stack(0x00000000131c0000,0x00000000132c0000)]

Other Threads:
  0x00000000113bb800 VMThread [stack: 0x0000000013010000,0x0000000013110000] [id=12184]
  0x00000000134a9000 WatcherThread [stack: 0x0000000013ec0000,0x0000000013fc0000] [id=7624]

VM state:not at safepoint (normal execution)

VM Mutex/Monitor currently owned by a thread: None

Heap
 PSYoungGen      total 62272K, used 4757K [0x00000007aaeb0000, 0x00000007b0420000, 0x0000000800000000)
  eden space 60736K, 5% used [0x00000007aaeb0000,0x00000007ab1dd338,0x00000007aea00000)
  from space 1536K, 97% used [0x00000007aeb70000,0x00000007aece84a0,0x00000007aecf0000)
  to   space 13376K, 0% used [0x00000007af710000,0x00000007af710000,0x00000007b0420000)
 ParOldGen       total 174208K, used 8277K [0x0000000700c00000, 0x000000070b620000, 0x00000007aaeb0000)
  object space 174208K, 4% used [0x0000000700c00000,0x00000007014157b8,0x000000070b620000)
 PSPermGen       total 21248K, used 16892K [0x00000006fba00000, 0x00000006fcec0000, 0x0000000700c00000)
  object space 21248K, 79% used [0x00000006fba00000,0x00000006fca7f0f0,0x00000006fcec0000)

Card table byte_map: [0x00000000055a0000,0x0000000005dd0000] byte_map_base: 0x0000000001dc3000

Polling page: 0x0000000000130000

Code Cache  [0x00000000025a0000, 0x0000000002870000, 0x00000000055a0000)
 total_blobs=1357 nmethods=859 adapters=448 free_code_cache=46366Kb largest_free_block=47422912

Compilation events (10 events):
Event: 160.573 Thread 0x0000000013480800  891             sun.java2d.SurfaceData::getTransparency (8 bytes)
Event: 160.573 Thread 0x0000000013487800  892             sun.java2d.SurfaceData::getColorModel (5 bytes)
Event: 160.573 Thread 0x0000000013487800 nmethod 892 0x000000000285ff90 code [0x00000000028600c0, 0x0000000002860138]
Event: 160.573 Thread 0x0000000013480800 nmethod 891 0x0000000002862f10 code [0x0000000002863060, 0x00000000028630f8]
Event: 165.072 Thread 0x0000000013487800  893             sun.security.provider.ByteArrayAccess::i2bBig (168 bytes)
Event: 165.079 Thread 0x0000000013487800 nmethod 893 0x0000000002862ad0 code [0x0000000002862c00, 0x0000000002862e18]
Event: 173.428 Thread 0x0000000013480800  894             java.lang.StringBuilder::<init> (7 bytes)
Event: 173.429 Thread 0x0000000013480800 nmethod 894 0x00000000028627d0 code [0x0000000002862920, 0x00000000028629f8]
Event: 187.413 Thread 0x0000000013487800  895             java.awt.EventQueue::eventToCacheIndex (69 bytes)
Event: 187.414 Thread 0x0000000013487800 nmethod 895 0x0000000002862550 code [0x0000000002862680, 0x0000000002862738]

GC Heap History (10 events):
Event: 26.073 GC heap before
{Heap before GC invocations=3 (full 0):
 PSYoungGen      total 76224K, used 71854K [0x00000007aaeb0000, 0x00000007b03c0000, 0x0000000800000000)
  eden space 65344K, 100% used [0x00000007aaeb0000,0x00000007aee80000,0x00000007aee80000)
  from space 10880K, 59% used [0x00000007af920000,0x00000007aff7b9c8,0x00000007b03c0000)
  to   space 10880K, 0% used [0x00000007aee80000,0x00000007aee80000,0x00000007af920000)
 ParOldGen       total 174208K, used 2681K [0x0000000700c00000, 0x000000070b620000, 0x00000007aaeb0000)
  object space 174208K, 1% used [0x0000000700c00000,0x0000000700e9e458,0x000000070b620000)
 PSPermGen       total 21248K, used 16707K [0x00000006fba00000, 0x00000006fcec0000, 0x0000000700c00000)
  object space 21248K, 78% used [0x00000006fba00000,0x00000006fca50ff0,0x00000006fcec0000)
Event: 26.083 GC heap after
Heap after GC invocations=3 (full 0):
 PSYoungGen      total 76224K, used 6946K [0x00000007aaeb0000, 0x00000007b03c0000, 0x0000000800000000)
  eden space 65344K, 0% used [0x00000007aaeb0000,0x00000007aaeb0000,0x00000007aee80000)
  from space 10880K, 63% used [0x00000007aee80000,0x00000007af548b68,0x00000007af920000)
  to   space 10880K, 0% used [0x00000007af920000,0x00000007af920000,0x00000007b03c0000)
 ParOldGen       total 174208K, used 2689K [0x0000000700c00000, 0x000000070b620000, 0x00000007aaeb0000)
  object space 174208K, 1% used [0x0000000700c00000,0x0000000700ea0458,0x000000070b620000)
 PSPermGen       total 21248K, used 16707K [0x00000006fba00000, 0x00000006fcec0000, 0x0000000700c00000)
  object space 21248K, 78% used [0x00000006fba00000,0x00000006fca50ff0,0x00000006fcec0000)
}
Event: 89.363 GC heap before
{Heap before GC invocations=4 (full 0):
 PSYoungGen      total 76224K, used 72290K [0x00000007aaeb0000, 0x00000007b03c0000, 0x0000000800000000)
  eden space 65344K, 100% used [0x00000007aaeb0000,0x00000007aee80000,0x00000007aee80000)
  from space 10880K, 63% used [0x00000007aee80000,0x00000007af548b68,0x00000007af920000)
  to   space 10880K, 0% used [0x00000007af920000,0x00000007af920000,0x00000007b03c0000)
 ParOldGen       total 174208K, used 2689K [0x0000000700c00000, 0x000000070b620000, 0x00000007aaeb0000)
  object space 174208K, 1% used [0x0000000700c00000,0x0000000700ea0458,0x000000070b620000)
 PSPermGen       total 21248K, used 16808K [0x00000006fba00000, 0x00000006fcec0000, 0x0000000700c00000)
  object space 21248K, 79% used [0x00000006fba00000,0x00000006fca6a220,0x00000006fcec0000)
Event: 89.378 GC heap after
Heap after GC invocations=4 (full 0):
 PSYoungGen      total 76224K, used 6927K [0x00000007aaeb0000, 0x00000007b03c0000, 0x0000000800000000)
  eden space 65344K, 0% used [0x00000007aaeb0000,0x00000007aaeb0000,0x00000007aee80000)
  from space 10880K, 63% used [0x00000007af920000,0x00000007affe3c28,0x00000007b03c0000)
  to   space 10880K, 0% used [0x00000007aee80000,0x00000007aee80000,0x00000007af920000)
 ParOldGen       total 174208K, used 2697K [0x0000000700c00000, 0x000000070b620000, 0x00000007aaeb0000)
  object space 174208K, 1% used [0x0000000700c00000,0x0000000700ea2458,0x000000070b620000)
 PSPermGen       total 21248K, used 16808K [0x00000006fba00000, 0x00000006fcec0000, 0x0000000700c00000)
  object space 21248K, 79% used [0x00000006fba00000,0x00000006fca6a220,0x00000006fcec0000)
}
Event: 102.190 GC heap before
{Heap before GC invocations=5 (full 0):
 PSYoungGen      total 76224K, used 72271K [0x00000007aaeb0000, 0x00000007b03c0000, 0x0000000800000000)
  eden space 65344K, 100% used [0x00000007aaeb0000,0x00000007aee80000,0x00000007aee80000)
  from space 10880K, 63% used [0x00000007af920000,0x00000007affe3c28,0x00000007b03c0000)
  to   space 10880K, 0% used [0x00000007aee80000,0x00000007aee80000,0x00000007af920000)
 ParOldGen       total 174208K, used 2697K [0x0000000700c00000, 0x000000070b620000, 0x00000007aaeb0000)
  object space 174208K, 1% used [0x0000000700c00000,0x0000000700ea2458,0x000000070b620000)
 PSPermGen       total 21248K, used 16832K [0x00000006fba00000, 0x00000006fcec0000, 0x0000000700c00000)
  object space 21248K, 79% used [0x00000006fba00000,0x00000006fca70368,0x00000006fcec0000)
Event: 102.210 GC heap after
Heap after GC invocations=5 (full 0):
 PSYoungGen      total 74624K, used 7564K [0x00000007aaeb0000, 0x00000007b0670000, 0x0000000800000000)
  eden space 63744K, 0% used [0x00000007aaeb0000,0x00000007aaeb0000,0x00000007aecf0000)
  from space 10880K, 69% used [0x00000007aee80000,0x00000007af5e3360,0x00000007af920000)
  to   space 13056K, 0% used [0x00000007af9b0000,0x00000007af9b0000,0x00000007b0670000)
 ParOldGen       total 174208K, used 2705K [0x0000000700c00000, 0x000000070b620000, 0x00000007aaeb0000)
  object space 174208K, 1% used [0x0000000700c00000,0x0000000700ea4458,0x000000070b620000)
 PSPermGen       total 21248K, used 16832K [0x00000006fba00000, 0x00000006fcec0000, 0x0000000700c00000)
  object space 21248K, 79% used [0x00000006fba00000,0x00000006fca70368,0x00000006fcec0000)
}
Event: 124.982 GC heap before
{Heap before GC invocations=6 (full 0):
 PSYoungGen      total 74624K, used 71308K [0x00000007aaeb0000, 0x00000007b0670000, 0x0000000800000000)
  eden space 63744K, 100% used [0x00000007aaeb0000,0x00000007aecf0000,0x00000007aecf0000)
  from space 10880K, 69% used [0x00000007aee80000,0x00000007af5e3360,0x00000007af920000)
  to   space 13056K, 0% used [0x00000007af9b0000,0x00000007af9b0000,0x00000007b0670000)
 ParOldGen       total 174208K, used 2705K [0x0000000700c00000, 0x000000070b620000, 0x00000007aaeb0000)
  object space 174208K, 1% used [0x0000000700c00000,0x0000000700ea4458,0x000000070b620000)
 PSPermGen       total 21248K, used 16870K [0x00000006fba00000, 0x00000006fcec0000, 0x0000000700c00000)
  object space 21248K, 79% used [0x00000006fba00000,0x00000006fca798e0,0x00000006fcec0000)
Event: 125.003 GC heap after
Heap after GC invocations=6 (full 0):
 PSYoungGen      total 72576K, used 7512K [0x00000007aaeb0000, 0x00000007b03d0000, 0x0000000800000000)
  eden space 62208K, 0% used [0x00000007aaeb0000,0x00000007aaeb0000,0x00000007aeb70000)
  from space 10368K, 72% used [0x00000007af9b0000,0x00000007b01063d0,0x00000007b03d0000)
  to   space 12480K, 0% used [0x00000007aeb70000,0x00000007aeb70000,0x00000007af7a0000)
 ParOldGen       total 174208K, used 2713K [0x0000000700c00000, 0x000000070b620000, 0x00000007aaeb0000)
  object space 174208K, 1% used [0x0000000700c00000,0x0000000700ea6458,0x000000070b620000)
 PSPermGen       total 21248K, used 16870K [0x00000006fba00000, 0x00000006fcec0000, 0x0000000700c00000)
  object space 21248K, 79% used [0x00000006fba00000,0x00000006fca798e0,0x00000006fcec0000)
}
Event: 171.737 GC heap before
{Heap before GC invocations=7 (full 0):
 PSYoungGen      total 72576K, used 69720K [0x00000007aaeb0000, 0x00000007b03d0000, 0x0000000800000000)
  eden space 62208K, 100% used [0x00000007aaeb0000,0x00000007aeb70000,0x00000007aeb70000)
  from space 10368K, 72% used [0x00000007af9b0000,0x00000007b01063d0,0x00000007b03d0000)
  to   space 12480K, 0% used [0x00000007aeb70000,0x00000007aeb70000,0x00000007af7a0000)
 ParOldGen       total 174208K, used 2713K [0x0000000700c00000, 0x000000070b620000, 0x00000007aaeb0000)
  object space 174208K, 1% used [0x0000000700c00000,0x0000000700ea6458,0x000000070b620000)
 PSPermGen       total 21248K, used 16892K [0x00000006fba00000, 0x00000006fcec0000, 0x0000000700c00000)
  object space 21248K, 79% used [0x00000006fba00000,0x00000006fca7f018,0x00000006fcec0000)
Event: 171.760 GC heap after
Heap after GC invocations=7 (full 0):
 PSYoungGen      total 62272K, used 1505K [0x00000007aaeb0000, 0x00000007b0420000, 0x0000000800000000)
  eden space 60736K, 0% used [0x00000007aaeb0000,0x00000007aaeb0000,0x00000007aea00000)
  from space 1536K, 97% used [0x00000007aeb70000,0x00000007aece84a0,0x00000007aecf0000)
  to   space 13376K, 0% used [0x00000007af710000,0x00000007af710000,0x00000007b0420000)
 ParOldGen       total 174208K, used 8277K [0x0000000700c00000, 0x000000070b620000, 0x00000007aaeb0000)
  object space 174208K, 4% used [0x0000000700c00000,0x00000007014157b8,0x000000070b620000)
 PSPermGen       total 21248K, used 16892K [0x00000006fba00000, 0x00000006fcec0000, 0x0000000700c00000)
  object space 21248K, 79% used [0x00000006fba00000,0x00000006fca7f018,0x00000006fcec0000)
}

Deoptimization events (10 events):
Event: 41.788 Thread 0x000000001432d000 Uncommon trap -58 fr.pc 0x00000000027abdec
Event: 41.788 Thread 0x000000001432d000 Uncommon trap -34 fr.pc 0x000000000279ecb4
Event: 41.788 Thread 0x000000001432d000 Uncommon trap -34 fr.pc 0x000000000279ecb4
Event: 41.788 Thread 0x000000001432d000 Uncommon trap -34 fr.pc 0x000000000279ecb4
Event: 41.788 Thread 0x000000001432d000 Uncommon trap -34 fr.pc 0x000000000279f504
Event: 41.788 Thread 0x000000001432d000 Uncommon trap -58 fr.pc 0x00000000027abdec
Event: 41.789 Thread 0x000000001432d000 Uncommon trap -58 fr.pc 0x00000000027abdec
Event: 79.040 Thread 0x000000001432d000 Uncommon trap -83 fr.pc 0x00000000027ff4bc
Event: 79.040 Thread 0x000000001432d000 Uncommon trap -83 fr.pc 0x00000000027fa10c
Event: 79.465 Thread 0x000000001432d000 Uncommon trap -58 fr.pc 0x00000000027abdec

Internal exceptions (10 events):
Event: 4.675 Thread 0x000000001432d000 Threw 0x00000007ac93ca48 at C:\jdk7u2_64p\jdk7u25\hotspot\src\share\vm\prims\jvm.cpp:1235
Event: 4.676 Thread 0x000000001432d000 Threw 0x00000007ac93f388 at C:\jdk7u2_64p\jdk7u25\hotspot\src\share\vm\prims\jvm.cpp:1235
Event: 4.677 Thread 0x000000001432d000 Threw 0x00000007ac944030 at C:\jdk7u2_64p\jdk7u25\hotspot\src\share\vm\prims\jvm.cpp:1235
Event: 5.120 Thread 0x000000001432d000 Threw 0x00000007ad085f60 at C:\jdk7u2_64p\jdk7u25\hotspot\src\share\vm\prims\jvm.cpp:1235
Event: 5.120 Thread 0x000000001432d000 Threw 0x00000007ad0880b0 at C:\jdk7u2_64p\jdk7u25\hotspot\src\share\vm\prims\jvm.cpp:1235
Event: 5.121 Thread 0x000000001432d000 Threw 0x00000007ad08af68 at C:\jdk7u2_64p\jdk7u25\hotspot\src\share\vm\prims\jvm.cpp:1235
Event: 5.121 Thread 0x000000001432d000 Threw 0x00000007ad08d1b8 at C:\jdk7u2_64p\jdk7u25\hotspot\src\share\vm\prims\jvm.cpp:1235
Event: 5.360 Thread 0x000000001432d000 Implicit null exception at 0x0000000002696d6b to 0x00000000026970e1
Event: 5.951 Thread 0x000000001432d000 Implicit null exception at 0x000000000271066c to 0x00000000027119c5
Event: 6.344 Thread 0x000000001432d000 Implicit null exception at 0x0000000002749b12 to 0x000000000274a3c9

Events (10 events):
Event: 173.337 Thread 0x000000001c943000 Thread added: 0x000000001c943000
Event: 178.336 Executing VM operation: RevokeBias
Event: 178.336 Executing VM operation: RevokeBias done
Event: 183.336 Executing VM operation: RevokeBias
Event: 183.337 Executing VM operation: RevokeBias done
Event: 183.337 Executing VM operation: BulkRevokeBias
Event: 183.337 Executing VM operation: BulkRevokeBias done
Event: 183.337 Executing VM operation: RevokeBias
Event: 183.337 Executing VM operation: RevokeBias done
Event: 183.337 Thread 0x000000001c943000 Thread exited: 0x000000001c943000


Dynamic libraries:
0x000000013fc90000 - 0x000000013fcc3000 	C:\Program Files\Java\jdk1.7.0_25\bin\java.exe
0x00000000770f0000 - 0x0000000077299000 	C:\Windows\SYSTEM32\ntdll.dll
0x0000000076fd0000 - 0x00000000770ef000 	C:\Windows\system32\kernel32.dll
0x000007fefc250000 - 0x000007fefc2bc000 	C:\Windows\system32\KERNELBASE.dll
0x000007fefca10000 - 0x000007fefcaeb000 	C:\Windows\system32\ADVAPI32.dll
0x000007fefcba0000 - 0x000007fefcc3f000 	C:\Windows\system32\msvcrt.dll
0x000007fefe260000 - 0x000007fefe27f000 	C:\Windows\SYSTEM32\sechost.dll
0x000007fefd180000 - 0x000007fefd2ad000 	C:\Windows\system32\RPCRT4.dll
0x0000000076ed0000 - 0x0000000076fca000 	C:\Windows\system32\USER32.dll
0x000007fefe150000 - 0x000007fefe1b7000 	C:\Windows\system32\GDI32.dll
0x000007fefcb90000 - 0x000007fefcb9e000 	C:\Windows\system32\LPK.dll
0x000007fefc920000 - 0x000007fefc9e9000 	C:\Windows\system32\USP10.dll
0x000007fefa910000 - 0x000007fefab04000 	C:\Windows\WinSxS\amd64_microsoft.windows.common-controls_6595b64144ccf1df_6.0.7601.18837_none_fa3b1e3d17594757\COMCTL32.dll
0x000007fefc7c0000 - 0x000007fefc831000 	C:\Windows\system32\SHLWAPI.dll
0x000007fefc8f0000 - 0x000007fefc91e000 	C:\Windows\system32\IMM32.DLL
0x000007fefd2b0000 - 0x000007fefd3b9000 	C:\Windows\system32\MSCTF.dll
0x000000005d930000 - 0x000000005da01000 	C:\Program Files\Java\jdk1.7.0_25\jre\bin\msvcr100.dll
0x0000000059a20000 - 0x000000005a12f000 	C:\Program Files\Java\jdk1.7.0_25\jre\bin\server\jvm.dll
0x000007fef88e0000 - 0x000007fef88e9000 	C:\Windows\system32\WSOCK32.dll
0x000007fefc8a0000 - 0x000007fefc8ed000 	C:\Windows\system32\WS2_32.dll
0x000007fefc2c0000 - 0x000007fefc2c8000 	C:\Windows\system32\NSI.dll
0x000007fef9ad0000 - 0x000007fef9b0b000 	C:\Windows\system32\WINMM.dll
0x00000000772b0000 - 0x00000000772b7000 	C:\Windows\system32\PSAPI.DLL
0x000000006ce90000 - 0x000000006ce9f000 	C:\Program Files\Java\jdk1.7.0_25\jre\bin\verify.dll
0x0000000067010000 - 0x0000000067038000 	C:\Program Files\Java\jdk1.7.0_25\jre\bin\java.dll
0x0000000066f20000 - 0x0000000066f35000 	C:\Program Files\Java\jdk1.7.0_25\jre\bin\zip.dll
0x0000000066d30000 - 0x0000000066d54000 	C:\Program Files\Java\jdk1.7.0_25\jre\bin\sunec.dll
0x0000000066d20000 - 0x0000000066d2b000 	C:\Program Files\Java\jdk1.7.0_25\jre\bin\sunmscapi.dll
0x000007fefbf90000 - 0x000007fefc0fd000 	C:\Windows\system32\CRYPT32.dll
0x000007fefbf00000 - 0x000007fefbf0f000 	C:\Windows\system32\MSASN1.dll
0x000007fefb740000 - 0x000007fefb758000 	C:\Windows\system32\CRYPTSP.dll
0x000007fefb440000 - 0x000007fefb487000 	C:\Windows\system32\rsaenh.dll
0x000007fefc1a0000 - 0x000007fefc1be000 	C:\Windows\system32\USERENV.dll
0x000007fefbf10000 - 0x000007fefbf1f000 	C:\Windows\system32\profapi.dll
0x000007fefbda0000 - 0x000007fefbdaf000 	C:\Windows\system32\CRYPTBASE.dll
0x0000000066f00000 - 0x0000000066f19000 	C:\Program Files\Java\jdk1.7.0_25\jre\bin\net.dll
0x000007fefb6e0000 - 0x000007fefb735000 	C:\Windows\system32\mswsock.dll
0x000007fefb6d0000 - 0x000007fefb6d7000 	C:\Windows\System32\wship6.dll
0x000007fef9760000 - 0x000007fef9775000 	C:\Windows\system32\NLAapi.dll
0x000007fef6b90000 - 0x000007fef6ba5000 	C:\Windows\system32\napinsp.dll
0x000007fef6b70000 - 0x000007fef6b89000 	C:\Windows\system32\pnrpnsp.dll
0x0000000071110000 - 0x0000000071136000 	C:\Program Files\Bonjour\mdnsNSP.dll
0x000007fef9150000 - 0x000007fef9177000 	C:\Windows\system32\Iphlpapi.DLL
0x000007fef9140000 - 0x000007fef914b000 	C:\Windows\system32\WINNSI.DLL
0x000007fefb560000 - 0x000007fefb5bb000 	C:\Windows\system32\DNSAPI.dll
0x000007fef6b40000 - 0x000007fef6b4b000 	C:\Windows\System32\winrnr.dll
0x000007fefb0c0000 - 0x000007fefb0c7000 	C:\Windows\System32\wshtcpip.dll
0x000007fef7500000 - 0x000007fef7508000 	C:\Windows\system32\rasadhlp.dll
0x000007fef8fe0000 - 0x000007fef9033000 	C:\Windows\System32\fwpuclnt.dll
0x0000000066ee0000 - 0x0000000066ef1000 	C:\Program Files\Java\jdk1.7.0_25\jre\bin\nio.dll
0x000000005d790000 - 0x000000005d925000 	C:\Program Files\Java\jdk1.7.0_25\jre\bin\awt.dll
0x000007fefcdd0000 - 0x000007fefcea7000 	C:\Windows\system32\OLEAUT32.dll
0x000007fefc2d0000 - 0x000007fefc4d3000 	C:\Windows\system32\ole32.dll
0x000007fefa0c0000 - 0x000007fefa0d8000 	C:\Windows\system32\DWMAPI.DLL
0x000007fefa5c0000 - 0x000007fefa616000 	C:\Windows\system32\uxtheme.dll
0x000007fee5350000 - 0x000007fee554f000 	C:\Windows\system32\d3d9.dll
0x000007fefafa0000 - 0x000007fefafac000 	C:\Windows\system32\VERSION.dll
0x000007fee5340000 - 0x000007fee5347000 	C:\Windows\system32\d3d8thk.dll
0x000007fef51d0000 - 0x000007fef52ec000 	C:\Windows\system32\aticfx64.dll
0x000007fee5320000 - 0x000007fee5340000 	C:\Windows\system32\atiu9p64.dll
0x000007fee3e10000 - 0x000007fee44c7000 	C:\Windows\system32\atiumd64.dll
0x000000006c7c0000 - 0x000000006cc8d000 	C:\Windows\system32\atiumd6a.dll
0x000007fefd3c0000 - 0x000007fefe149000 	C:\Windows\system32\SHELL32.dll
0x0000000066db0000 - 0x0000000066def000 	C:\Program Files\Java\jdk1.7.0_25\jre\bin\fontmanager.dll
0x0000000066d60000 - 0x0000000066da1000 	C:\Program Files\Java\jdk1.7.0_25\jre\bin\t2k.dll
0x000007fefcaf0000 - 0x000007fefcb89000 	C:\Windows\system32\CLBCatQ.DLL
0x000007fef9f10000 - 0x000007fefa071000 	C:\Windows\system32\WindowsCodecs.dll
0x000007fefbd40000 - 0x000007fefbd97000 	C:\Windows\system32\apphelp.dll
0x000007fefab60000 - 0x000007fefac20000 	C:\Program Files (x86)\Google\Drive\googledrivesync64.dll
0x000000006f470000 - 0x000000006f543000 	C:\Program Files (x86)\Google\Drive\Microsoft.VC90.CRT\MSVCP90.dll
0x000000006f3c0000 - 0x000000006f463000 	C:\Program Files (x86)\Google\Drive\Microsoft.VC90.CRT\MSVCR90.dll
0x000007fef4ee0000 - 0x000007fef4f15000 	C:\Windows\system32\EhStorShell.dll
0x000007fefe280000 - 0x000007fefe457000 	C:\Windows\system32\SETUPAPI.dll
0x000007fefc1f0000 - 0x000007fefc226000 	C:\Windows\system32\CFGMGR32.dll
0x000007fefc1d0000 - 0x000007fefc1ea000 	C:\Windows\system32\DEVOBJ.dll
0x000007fefa790000 - 0x000007fefa8bc000 	C:\Windows\system32\PROPSYS.dll
0x000007fef3c60000 - 0x000007fef42d2000 	C:\PROGRA~1\MICROS~2\Office14\GROOVEEX.DLL
0x0000000071250000 - 0x00000000712ed000 	C:\Windows\WinSxS\amd64_microsoft.vc90.crt_1fc8b3b9a1e18e3b_9.0.30729.4940_none_08e4299fa83d7e3c\MSVCR90.dll
0x00000000712f0000 - 0x00000000713c3000 	C:\Windows\WinSxS\amd64_microsoft.vc90.crt_1fc8b3b9a1e18e3b_9.0.30729.4940_none_08e4299fa83d7e3c\MSVCP90.dll
0x000000006f390000 - 0x000000006f3bf000 	C:\Windows\WinSxS\amd64_microsoft.vc90.atl_1fc8b3b9a1e18e3b_9.0.30729.4148_none_0a1d2fcba76b3f00\ATL90.DLL
0x000007fef3850000 - 0x000007fef3c5f000 	C:\PROGRA~1\COMMON~1\MICROS~1\OFFICE14\Cultures\office.odf
0x000007fef2fe0000 - 0x000007fef3844000 	C:\PROGRA~1\MICROS~2\Office14\1033\GrooveIntlResource.dll
0x000007fef53e0000 - 0x000007fef545e000 	C:\Windows\System32\cscui.dll
0x000007fef54f0000 - 0x000007fef54fc000 	C:\Windows\System32\CSCDLL.dll
0x000007fef54e0000 - 0x000007fef54ef000 	C:\Windows\system32\CSCAPI.dll
0x000007fef4ff0000 - 0x000007fef5070000 	C:\Windows\system32\ntshrui.dll
0x000007fefbaa0000 - 0x000007fefbac3000 	C:\Windows\system32\srvcli.dll
0x000007fef9630000 - 0x000007fef963b000 	C:\Windows\system32\slc.dll
0x000007fef6a00000 - 0x000007fef6b25000 	C:\Windows\system32\dbghelp.dll

VM Arguments:
jvm_args: -Dfile.encoding=UTF-8 
java_command: wikibot.WikiBot
Launcher Type: SUN_STANDARD

Environment Variables:
PATH=C:\ProgramData\Oracle\Java\javapath;C:\Program Files (x86)\AMD APP\bin\x86_64;C:\Program Files (x86)\AMD APP\bin\x86;C:\Windows\system32;C:\Windows;C:\Windows\System32\Wbem;C:\Windows\System32\WindowsPowerShell\v1.0\;C:\Program Files (x86)\ATI Technologies\ATI.ACE\Core-Static;C:\Program Files\Calibre2\
USERNAME=Dave
OS=Windows_NT
PROCESSOR_IDENTIFIER=AMD64 Family 21 Model 2 Stepping 0, AuthenticAMD



---------------  S Y S T E M  ---------------

OS: Windows 7 , 64 bit Build 7601 Service Pack 1

CPU:total 8 (8 cores per cpu, 1 threads per core) family 21 model 2 stepping 0, cmov, cx8, fxsr, mmx, sse, sse2, sse3, ssse3, sse4.1, sse4.2, popcnt, avx, mmxext, 3dnowpref, lzcnt, sse4a, tsc, tscinvbit, tscinv

Memory: 4k page, physical 16720156k(10602284k free), swap 33438472k(25047656k free)

vm_info: Java HotSpot(TM) 64-Bit Server VM (23.25-b01) for windows-amd64 JRE (1.7.0_25-b17), built on Jun 21 2013 12:58:32 by "java_re" with unknown MS VC++:1600

time: Sat Mar 19 16:37:16 2016
elapsed time: 187 seconds

